[2025-06-08T13:37:52.269+0000] {local_task_job_runner.py:120} INFO - ::group::Pre task execution logs
[2025-06-08T13:37:52.306+0000] {taskinstance.py:2076} INFO - Dependencies all met for dep_context=non-requeueable deps ti=<TaskInstance: master_pipeline_with_es_guard.run_consumer manual__2025-06-08T13:37:49.721097+00:00 [queued]>
[2025-06-08T13:37:52.313+0000] {taskinstance.py:2076} INFO - Dependencies all met for dep_context=requeueable deps ti=<TaskInstance: master_pipeline_with_es_guard.run_consumer manual__2025-06-08T13:37:49.721097+00:00 [queued]>
[2025-06-08T13:37:52.313+0000] {taskinstance.py:2306} INFO - Starting attempt 1 of 2
[2025-06-08T13:37:52.324+0000] {taskinstance.py:2330} INFO - Executing <Task(BashOperator): run_consumer> on 2025-06-08 13:37:49.721097+00:00
[2025-06-08T13:37:52.331+0000] {logging_mixin.py:188} WARNING - /home/***/.local/lib/python3.12/site-packages/***/task/task_runner/standard_task_runner.py:61 DeprecationWarning: This process (pid=1420) is multi-threaded, use of fork() may lead to deadlocks in the child.
[2025-06-08T13:37:52.332+0000] {standard_task_runner.py:63} INFO - Started process 1421 to run task
[2025-06-08T13:37:52.332+0000] {standard_task_runner.py:90} INFO - Running: ['***', 'tasks', 'run', 'master_pipeline_with_es_guard', 'run_consumer', 'manual__2025-06-08T13:37:49.721097+00:00', '--job-id', '34', '--raw', '--subdir', 'DAGS_FOLDER/producer_dag.py', '--cfg-path', '/tmp/tmpqkc9u_9f']
[2025-06-08T13:37:52.334+0000] {standard_task_runner.py:91} INFO - Job 34: Subtask run_consumer
[2025-06-08T13:37:52.375+0000] {task_command.py:426} INFO - Running <TaskInstance: master_pipeline_with_es_guard.run_consumer manual__2025-06-08T13:37:49.721097+00:00 [running]> on host 5492e8ecb5c1
[2025-06-08T13:37:52.450+0000] {taskinstance.py:2648} INFO - Exporting env vars: AIRFLOW_CTX_DAG_OWNER='panshul' AIRFLOW_CTX_DAG_ID='master_pipeline_with_es_guard' AIRFLOW_CTX_TASK_ID='run_consumer' AIRFLOW_CTX_EXECUTION_DATE='2025-06-08T13:37:49.721097+00:00' AIRFLOW_CTX_TRY_NUMBER='1' AIRFLOW_CTX_DAG_RUN_ID='manual__2025-06-08T13:37:49.721097+00:00'
[2025-06-08T13:37:52.451+0000] {taskinstance.py:430} INFO - ::endgroup::
[2025-06-08T13:37:52.463+0000] {subprocess.py:63} INFO - Tmp dir root location: /tmp
[2025-06-08T13:37:52.464+0000] {subprocess.py:75} INFO - Running command: ['/usr/bin/bash', '-c', 'python /opt/***/kafka_client/consumer.py']
[2025-06-08T13:37:52.471+0000] {subprocess.py:86} INFO - Output:
[2025-06-08T13:37:53.790+0000] {subprocess.py:93} INFO - 2025-06-08 13:37:53,790 - ERROR - spaCy English model not found. Downloading...
[2025-06-08T13:37:54.859+0000] {subprocess.py:93} INFO - Collecting en-core-web-sm==3.7.1
[2025-06-08T13:37:56.497+0000] {subprocess.py:93} INFO -   Downloading https://github.com/explosion/spacy-models/releases/download/en_core_web_sm-3.7.1/en_core_web_sm-3.7.1-py3-none-any.whl (12.8 MB)
[2025-06-08T13:37:58.696+0000] {subprocess.py:93} INFO -      ‚îÅ‚îÅ‚îÅ‚îÅ‚îÅ‚îÅ‚îÅ‚îÅ‚îÅ‚îÅ‚îÅ‚îÅ‚îÅ‚îÅ‚îÅ‚îÅ‚îÅ‚îÅ‚îÅ‚îÅ‚îÅ‚îÅ‚îÅ‚îÅ‚îÅ‚îÅ‚îÅ‚îÅ‚îÅ‚îÅ‚îÅ‚îÅ‚îÅ‚îÅ‚îÅ‚îÅ‚îÅ‚îÅ‚îÅ‚îÅ 12.8/12.8 MB 6.1 MB/s eta 0:00:00
[2025-06-08T13:37:58.710+0000] {subprocess.py:93} INFO - Requirement already satisfied: spacy<3.8.0,>=3.7.2 in /home/***/.local/lib/python3.12/site-packages (from en-core-web-sm==3.7.1) (3.7.4)
[2025-06-08T13:37:58.739+0000] {subprocess.py:93} INFO - Requirement already satisfied: spacy-legacy<3.1.0,>=3.0.11 in /home/***/.local/lib/python3.12/site-packages (from spacy<3.8.0,>=3.7.2->en-core-web-sm==3.7.1) (3.0.12)
[2025-06-08T13:37:58.740+0000] {subprocess.py:93} INFO - Requirement already satisfied: spacy-loggers<2.0.0,>=1.0.0 in /home/***/.local/lib/python3.12/site-packages (from spacy<3.8.0,>=3.7.2->en-core-web-sm==3.7.1) (1.0.5)
[2025-06-08T13:37:58.740+0000] {subprocess.py:93} INFO - Requirement already satisfied: murmurhash<1.1.0,>=0.28.0 in /home/***/.local/lib/python3.12/site-packages (from spacy<3.8.0,>=3.7.2->en-core-web-sm==3.7.1) (1.0.13)
[2025-06-08T13:37:58.741+0000] {subprocess.py:93} INFO - Requirement already satisfied: cymem<2.1.0,>=2.0.2 in /home/***/.local/lib/python3.12/site-packages (from spacy<3.8.0,>=3.7.2->en-core-web-sm==3.7.1) (2.0.11)
[2025-06-08T13:37:58.742+0000] {subprocess.py:93} INFO - Requirement already satisfied: preshed<3.1.0,>=3.0.2 in /home/***/.local/lib/python3.12/site-packages (from spacy<3.8.0,>=3.7.2->en-core-web-sm==3.7.1) (3.0.10)
[2025-06-08T13:37:58.743+0000] {subprocess.py:93} INFO - Requirement already satisfied: thinc<8.3.0,>=8.2.2 in /home/***/.local/lib/python3.12/site-packages (from spacy<3.8.0,>=3.7.2->en-core-web-sm==3.7.1) (8.2.5)
[2025-06-08T13:37:58.744+0000] {subprocess.py:93} INFO - Requirement already satisfied: wasabi<1.2.0,>=0.9.1 in /home/***/.local/lib/python3.12/site-packages (from spacy<3.8.0,>=3.7.2->en-core-web-sm==3.7.1) (1.1.3)
[2025-06-08T13:37:58.745+0000] {subprocess.py:93} INFO - Requirement already satisfied: srsly<3.0.0,>=2.4.3 in /home/***/.local/lib/python3.12/site-packages (from spacy<3.8.0,>=3.7.2->en-core-web-sm==3.7.1) (2.5.1)
[2025-06-08T13:37:58.746+0000] {subprocess.py:93} INFO - Requirement already satisfied: catalogue<2.1.0,>=2.0.6 in /home/***/.local/lib/python3.12/site-packages (from spacy<3.8.0,>=3.7.2->en-core-web-sm==3.7.1) (2.0.10)
[2025-06-08T13:37:58.746+0000] {subprocess.py:93} INFO - Requirement already satisfied: weasel<0.4.0,>=0.1.0 in /home/***/.local/lib/python3.12/site-packages (from spacy<3.8.0,>=3.7.2->en-core-web-sm==3.7.1) (0.3.4)
[2025-06-08T13:37:58.747+0000] {subprocess.py:93} INFO - Requirement already satisfied: typer<0.10.0,>=0.3.0 in /home/***/.local/lib/python3.12/site-packages (from spacy<3.8.0,>=3.7.2->en-core-web-sm==3.7.1) (0.9.4)
[2025-06-08T13:37:58.748+0000] {subprocess.py:93} INFO - Requirement already satisfied: smart-open<7.0.0,>=5.2.1 in /home/***/.local/lib/python3.12/site-packages (from spacy<3.8.0,>=3.7.2->en-core-web-sm==3.7.1) (6.4.0)
[2025-06-08T13:37:58.750+0000] {subprocess.py:93} INFO - Requirement already satisfied: tqdm<5.0.0,>=4.38.0 in /home/***/.local/lib/python3.12/site-packages (from spacy<3.8.0,>=3.7.2->en-core-web-sm==3.7.1) (4.67.1)
[2025-06-08T13:37:58.751+0000] {subprocess.py:93} INFO - Requirement already satisfied: requests<3.0.0,>=2.13.0 in /home/***/.local/lib/python3.12/site-packages (from spacy<3.8.0,>=3.7.2->en-core-web-sm==3.7.1) (2.31.0)
[2025-06-08T13:37:58.754+0000] {subprocess.py:93} INFO - Requirement already satisfied: pydantic!=1.8,!=1.8.1,<3.0.0,>=1.7.4 in /home/***/.local/lib/python3.12/site-packages (from spacy<3.8.0,>=3.7.2->en-core-web-sm==3.7.1) (2.7.1)
[2025-06-08T13:37:58.754+0000] {subprocess.py:93} INFO - Requirement already satisfied: jinja2 in /home/***/.local/lib/python3.12/site-packages (from spacy<3.8.0,>=3.7.2->en-core-web-sm==3.7.1) (3.1.3)
[2025-06-08T13:37:58.755+0000] {subprocess.py:93} INFO - Requirement already satisfied: setuptools in /home/***/.local/lib/python3.12/site-packages (from spacy<3.8.0,>=3.7.2->en-core-web-sm==3.7.1) (66.1.1)
[2025-06-08T13:37:58.755+0000] {subprocess.py:93} INFO - Requirement already satisfied: packaging>=20.0 in /home/***/.local/lib/python3.12/site-packages (from spacy<3.8.0,>=3.7.2->en-core-web-sm==3.7.1) (24.0)
[2025-06-08T13:37:58.756+0000] {subprocess.py:93} INFO - Requirement already satisfied: langcodes<4.0.0,>=3.2.0 in /home/***/.local/lib/python3.12/site-packages (from spacy<3.8.0,>=3.7.2->en-core-web-sm==3.7.1) (3.5.0)
[2025-06-08T13:37:58.761+0000] {subprocess.py:93} INFO - Requirement already satisfied: numpy>=1.19.0 in /home/***/.local/lib/python3.12/site-packages (from spacy<3.8.0,>=3.7.2->en-core-web-sm==3.7.1) (1.26.4)
[2025-06-08T13:37:58.767+0000] {subprocess.py:93} INFO - Requirement already satisfied: language-data>=1.2 in /home/***/.local/lib/python3.12/site-packages (from langcodes<4.0.0,>=3.2.0->spacy<3.8.0,>=3.7.2->en-core-web-sm==3.7.1) (1.3.0)
[2025-06-08T13:37:58.778+0000] {subprocess.py:93} INFO - Requirement already satisfied: annotated-types>=0.4.0 in /home/***/.local/lib/python3.12/site-packages (from pydantic!=1.8,!=1.8.1,<3.0.0,>=1.7.4->spacy<3.8.0,>=3.7.2->en-core-web-sm==3.7.1) (0.6.0)
[2025-06-08T13:37:58.779+0000] {subprocess.py:93} INFO - Requirement already satisfied: pydantic-core==2.18.2 in /home/***/.local/lib/python3.12/site-packages (from pydantic!=1.8,!=1.8.1,<3.0.0,>=1.7.4->spacy<3.8.0,>=3.7.2->en-core-web-sm==3.7.1) (2.18.2)
[2025-06-08T13:37:58.780+0000] {subprocess.py:93} INFO - Requirement already satisfied: typing-extensions>=4.6.1 in /home/***/.local/lib/python3.12/site-packages (from pydantic!=1.8,!=1.8.1,<3.0.0,>=1.7.4->spacy<3.8.0,>=3.7.2->en-core-web-sm==3.7.1) (4.11.0)
[2025-06-08T13:37:58.787+0000] {subprocess.py:93} INFO - Requirement already satisfied: charset-normalizer<4,>=2 in /home/***/.local/lib/python3.12/site-packages (from requests<3.0.0,>=2.13.0->spacy<3.8.0,>=3.7.2->en-core-web-sm==3.7.1) (3.3.2)
[2025-06-08T13:37:58.788+0000] {subprocess.py:93} INFO - Requirement already satisfied: idna<4,>=2.5 in /home/***/.local/lib/python3.12/site-packages (from requests<3.0.0,>=2.13.0->spacy<3.8.0,>=3.7.2->en-core-web-sm==3.7.1) (3.7)
[2025-06-08T13:37:58.788+0000] {subprocess.py:93} INFO - Requirement already satisfied: urllib3<3,>=1.21.1 in /home/***/.local/lib/python3.12/site-packages (from requests<3.0.0,>=2.13.0->spacy<3.8.0,>=3.7.2->en-core-web-sm==3.7.1) (2.2.1)
[2025-06-08T13:37:58.789+0000] {subprocess.py:93} INFO - Requirement already satisfied: certifi>=2017.4.17 in /home/***/.local/lib/python3.12/site-packages (from requests<3.0.0,>=2.13.0->spacy<3.8.0,>=3.7.2->en-core-web-sm==3.7.1) (2024.2.2)
[2025-06-08T13:37:58.818+0000] {subprocess.py:93} INFO - Requirement already satisfied: blis<0.8.0,>=0.7.8 in /home/***/.local/lib/python3.12/site-packages (from thinc<8.3.0,>=8.2.2->spacy<3.8.0,>=3.7.2->en-core-web-sm==3.7.1) (0.7.11)
[2025-06-08T13:37:58.822+0000] {subprocess.py:93} INFO - Requirement already satisfied: confection<1.0.0,>=0.0.1 in /home/***/.local/lib/python3.12/site-packages (from thinc<8.3.0,>=8.2.2->spacy<3.8.0,>=3.7.2->en-core-web-sm==3.7.1) (0.1.5)
[2025-06-08T13:37:58.843+0000] {subprocess.py:93} INFO - Requirement already satisfied: click<9.0.0,>=7.1.1 in /home/***/.local/lib/python3.12/site-packages (from typer<0.10.0,>=0.3.0->spacy<3.8.0,>=3.7.2->en-core-web-sm==3.7.1) (8.1.7)
[2025-06-08T13:37:58.854+0000] {subprocess.py:93} INFO - Requirement already satisfied: cloudpathlib<0.17.0,>=0.7.0 in /home/***/.local/lib/python3.12/site-packages (from weasel<0.4.0,>=0.1.0->spacy<3.8.0,>=3.7.2->en-core-web-sm==3.7.1) (0.16.0)
[2025-06-08T13:37:58.859+0000] {subprocess.py:93} INFO - Requirement already satisfied: MarkupSafe>=2.0 in /home/***/.local/lib/python3.12/site-packages (from jinja2->spacy<3.8.0,>=3.7.2->en-core-web-sm==3.7.1) (2.1.5)
[2025-06-08T13:37:58.915+0000] {subprocess.py:93} INFO - Requirement already satisfied: marisa-trie>=1.1.0 in /home/***/.local/lib/python3.12/site-packages (from language-data>=1.2->langcodes<4.0.0,>=3.2.0->spacy<3.8.0,>=3.7.2->en-core-web-sm==3.7.1) (1.2.1)
[2025-06-08T13:38:00.306+0000] {subprocess.py:93} INFO - Installing collected packages: en-core-web-sm
[2025-06-08T13:38:00.542+0000] {subprocess.py:93} INFO - Successfully installed en-core-web-sm-3.7.1
[2025-06-08T13:38:00.827+0000] {subprocess.py:93} INFO - 
[2025-06-08T13:38:00.827+0000] {subprocess.py:93} INFO - [notice] A new release of pip is available: 24.0 -> 25.1.1
[2025-06-08T13:38:00.828+0000] {subprocess.py:93} INFO - [notice] To update, run: pip install --upgrade pip
[2025-06-08T13:38:01.508+0000] {subprocess.py:93} INFO - 2025-06-08 13:38:01,508 - INFO - ‚úÖ Geolocator initialized
[2025-06-08T13:38:01.903+0000] {subprocess.py:93} INFO - 2025-06-08 13:38:01,903 - INFO - <BrokerConnection node_id=bootstrap-0 host=localhost:9092 <connecting> [IPv6 ('::1', 9092, 0, 0)]>: connecting to localhost:9092 [('::1', 9092, 0, 0) IPv6]
[2025-06-08T13:38:01.904+0000] {subprocess.py:93} INFO - 2025-06-08 13:38:01,903 - INFO - Probing node bootstrap-0 broker version
[2025-06-08T13:38:01.904+0000] {subprocess.py:93} INFO - 2025-06-08 13:38:01,903 - ERROR - Connect attempt to <BrokerConnection node_id=bootstrap-0 host=localhost:9092 <connecting> [IPv6 ('::1', 9092, 0, 0)]> returned error 111. Disconnecting.
[2025-06-08T13:38:01.905+0000] {subprocess.py:93} INFO - 2025-06-08 13:38:01,903 - ERROR - <BrokerConnection node_id=bootstrap-0 host=localhost:9092 <connecting> [IPv6 ('::1', 9092, 0, 0)]>: Closing connection. KafkaConnectionError: 111 ECONNREFUSED
[2025-06-08T13:38:01.953+0000] {subprocess.py:93} INFO - 2025-06-08 13:38:01,953 - INFO - <BrokerConnection node_id=bootstrap-0 host=localhost:9092 <connecting> [IPv6 ('::1', 9092, 0, 0)]>: connecting to localhost:9092 [('::1', 9092, 0, 0) IPv6]
[2025-06-08T13:38:01.954+0000] {subprocess.py:93} INFO - 2025-06-08 13:38:01,953 - ERROR - Connect attempt to <BrokerConnection node_id=bootstrap-0 host=localhost:9092 <connecting> [IPv6 ('::1', 9092, 0, 0)]> returned error 111. Disconnecting.
[2025-06-08T13:38:01.955+0000] {subprocess.py:93} INFO - 2025-06-08 13:38:01,953 - ERROR - <BrokerConnection node_id=bootstrap-0 host=localhost:9092 <connecting> [IPv6 ('::1', 9092, 0, 0)]>: Closing connection. KafkaConnectionError: 111 ECONNREFUSED
[2025-06-08T13:38:02.003+0000] {subprocess.py:93} INFO - 2025-06-08 13:38:02,003 - INFO - <BrokerConnection node_id=bootstrap-0 host=localhost:9092 <connecting> [IPv4 ('127.0.0.1', 9092)]>: connecting to localhost:9092 [('127.0.0.1', 9092) IPv4]
[2025-06-08T13:38:02.004+0000] {subprocess.py:93} INFO - 2025-06-08 13:38:02,003 - ERROR - Connect attempt to <BrokerConnection node_id=bootstrap-0 host=localhost:9092 <connecting> [IPv4 ('127.0.0.1', 9092)]> returned error 111. Disconnecting.
[2025-06-08T13:38:02.005+0000] {subprocess.py:93} INFO - 2025-06-08 13:38:02,003 - ERROR - <BrokerConnection node_id=bootstrap-0 host=localhost:9092 <connecting> [IPv4 ('127.0.0.1', 9092)]>: Closing connection. KafkaConnectionError: 111 ECONNREFUSED
[2025-06-08T13:38:02.005+0000] {subprocess.py:93} INFO - [38;5;2m‚úî Download and installation successful[0m
[2025-06-08T13:38:02.006+0000] {subprocess.py:93} INFO - You can now load the package via spacy.load('en_core_web_sm')
[2025-06-08T13:38:02.006+0000] {subprocess.py:93} INFO - Traceback (most recent call last):
[2025-06-08T13:38:02.006+0000] {subprocess.py:93} INFO -   File "/opt/***/kafka_client/consumer.py", line 73, in <module>
[2025-06-08T13:38:02.007+0000] {subprocess.py:93} INFO -     consumer = KafkaConsumer(
[2025-06-08T13:38:02.008+0000] {subprocess.py:93} INFO -                ^^^^^^^^^^^^^^
[2025-06-08T13:38:02.011+0000] {subprocess.py:93} INFO -   File "/home/***/.local/lib/python3.12/site-packages/kafka/consumer/group.py", line 358, in __init__
[2025-06-08T13:38:02.011+0000] {subprocess.py:93} INFO -     self._client = self.config['kafka_client'](metrics=self._metrics, **self.config)
[2025-06-08T13:38:02.012+0000] {subprocess.py:93} INFO -                    ^^^^^^^^^^^^^^^^^^^^^^^^^^^^^^^^^^^^^^^^^^^^^^^^^^^^^^^^^^^^^^^^^
[2025-06-08T13:38:02.012+0000] {subprocess.py:93} INFO -   File "/home/***/.local/lib/python3.12/site-packages/kafka/client_async.py", line 244, in __init__
[2025-06-08T13:38:02.012+0000] {subprocess.py:93} INFO -     self.config['api_version'] = self.check_version(timeout=check_timeout)
[2025-06-08T13:38:02.013+0000] {subprocess.py:93} INFO -                                  ^^^^^^^^^^^^^^^^^^^^^^^^^^^^^^^^^^^^^^^^^
[2025-06-08T13:38:02.014+0000] {subprocess.py:93} INFO -   File "/home/***/.local/lib/python3.12/site-packages/kafka/client_async.py", line 900, in check_version
[2025-06-08T13:38:02.014+0000] {subprocess.py:93} INFO -     raise Errors.NoBrokersAvailable()
[2025-06-08T13:38:02.015+0000] {subprocess.py:93} INFO - kafka.errors.NoBrokersAvailable: NoBrokersAvailable
[2025-06-08T13:38:02.261+0000] {subprocess.py:97} INFO - Command exited with return code 1
[2025-06-08T13:38:02.264+0000] {taskinstance.py:441} INFO - ::group::Post task execution logs
[2025-06-08T13:38:02.282+0000] {taskinstance.py:2905} ERROR - Task failed with exception
Traceback (most recent call last):
  File "/home/airflow/.local/lib/python3.12/site-packages/airflow/models/taskinstance.py", line 465, in _execute_task
    result = _execute_callable(context=context, **execute_callable_kwargs)
             ^^^^^^^^^^^^^^^^^^^^^^^^^^^^^^^^^^^^^^^^^^^^^^^^^^^^^^^^^^^^^
  File "/home/airflow/.local/lib/python3.12/site-packages/airflow/models/taskinstance.py", line 432, in _execute_callable
    return execute_callable(context=context, **execute_callable_kwargs)
           ^^^^^^^^^^^^^^^^^^^^^^^^^^^^^^^^^^^^^^^^^^^^^^^^^^^^^^^^^^^^
  File "/home/airflow/.local/lib/python3.12/site-packages/airflow/models/baseoperator.py", line 400, in wrapper
    return func(self, *args, **kwargs)
           ^^^^^^^^^^^^^^^^^^^^^^^^^^^
  File "/home/airflow/.local/lib/python3.12/site-packages/airflow/operators/bash.py", line 243, in execute
    raise AirflowException(
airflow.exceptions.AirflowException: Bash command failed. The command returned a non-zero exit code 1.
[2025-06-08T13:38:02.290+0000] {taskinstance.py:1206} INFO - Marking task as UP_FOR_RETRY. dag_id=master_pipeline_with_es_guard, task_id=run_consumer, run_id=manual__2025-06-08T13:37:49.721097+00:00, execution_date=20250608T133749, start_date=20250608T133752, end_date=20250608T133802
[2025-06-08T13:38:02.301+0000] {standard_task_runner.py:110} ERROR - Failed to execute job 34 for task run_consumer (Bash command failed. The command returned a non-zero exit code 1.; 1421)
[2025-06-08T13:38:02.308+0000] {local_task_job_runner.py:240} INFO - Task exited with return code 1
[2025-06-08T13:38:02.327+0000] {taskinstance.py:3498} INFO - 0 downstream tasks scheduled from follow-on schedule check
[2025-06-08T13:38:02.328+0000] {local_task_job_runner.py:222} INFO - ::endgroup::
