[2025-06-09T00:09:26.494+0000] {processor.py:161} INFO - Started process (PID=2722) to work on /opt/airflow/dags/producer_dag.py
[2025-06-09T00:09:26.495+0000] {processor.py:830} INFO - Processing file /opt/airflow/dags/producer_dag.py for tasks to queue
[2025-06-09T00:09:26.495+0000] {logging_mixin.py:188} INFO - [2025-06-09T00:09:26.495+0000] {dagbag.py:545} INFO - Filling up the DagBag from /opt/airflow/dags/producer_dag.py
[2025-06-09T00:09:26.527+0000] {logging_mixin.py:188} INFO - [2025-06-09T00:09:26.526+0000] {dagbag.py:452} ERROR - Failed to bag_dag: /opt/airflow/dags/producer_dag.py
Traceback (most recent call last):
  File "/home/airflow/.local/lib/python3.12/site-packages/airflow/timetables/_cron.py", line 100, in validate
    croniter(self._expression)
  File "/home/airflow/.local/lib/python3.12/site-packages/croniter/croniter.py", line 187, in __init__
    self.expanded, self.nth_weekday_of_month = self.expand(expr_format, hash_id=hash_id)
                                               ^^^^^^^^^^^^^^^^^^^^^^^^^^^^^^^^^^^^^^^^^
  File "/home/airflow/.local/lib/python3.12/site-packages/croniter/croniter.py", line 821, in expand
    return cls._expand(expr_format, hash_id=hash_id)
           ^^^^^^^^^^^^^^^^^^^^^^^^^^^^^^^^^^^^^^^^^
  File "/home/airflow/.local/lib/python3.12/site-packages/croniter/croniter.py", line 659, in _expand
    raise CroniterBadCronError(cls.bad_length)
croniter.croniter.CroniterBadCronError: Exactly 5 or 6 columns has to be specified for iterator expression.

During handling of the above exception, another exception occurred:

Traceback (most recent call last):
  File "/home/airflow/.local/lib/python3.12/site-packages/airflow/models/dagbag.py", line 447, in _process_modules
    dag.validate()
  File "/home/airflow/.local/lib/python3.12/site-packages/airflow/models/dag.py", line 775, in validate
    self.timetable.validate()
  File "/home/airflow/.local/lib/python3.12/site-packages/airflow/timetables/_cron.py", line 102, in validate
    raise AirflowTimetableInvalid(str(e))
airflow.exceptions.AirflowTimetableInvalid: Exactly 5 or 6 columns has to be specified for iterator expression.
[2025-06-09T00:09:26.528+0000] {processor.py:842} WARNING - No viable dags retrieved from /opt/airflow/dags/producer_dag.py
[2025-06-09T00:09:26.540+0000] {processor.py:183} INFO - Processing /opt/airflow/dags/producer_dag.py took 0.052 seconds
[2025-06-09T00:42:59.282+0000] {processor.py:161} INFO - Started process (PID=2727) to work on /opt/airflow/dags/producer_dag.py
[2025-06-09T00:42:59.283+0000] {processor.py:830} INFO - Processing file /opt/airflow/dags/producer_dag.py for tasks to queue
[2025-06-09T00:42:59.284+0000] {logging_mixin.py:188} INFO - [2025-06-09T00:42:59.284+0000] {dagbag.py:545} INFO - Filling up the DagBag from /opt/airflow/dags/producer_dag.py
[2025-06-09T00:42:59.312+0000] {logging_mixin.py:188} INFO - [2025-06-09T00:42:59.310+0000] {dagbag.py:452} ERROR - Failed to bag_dag: /opt/airflow/dags/producer_dag.py
Traceback (most recent call last):
  File "/home/airflow/.local/lib/python3.12/site-packages/airflow/timetables/_cron.py", line 100, in validate
    croniter(self._expression)
  File "/home/airflow/.local/lib/python3.12/site-packages/croniter/croniter.py", line 187, in __init__
    self.expanded, self.nth_weekday_of_month = self.expand(expr_format, hash_id=hash_id)
                                               ^^^^^^^^^^^^^^^^^^^^^^^^^^^^^^^^^^^^^^^^^
  File "/home/airflow/.local/lib/python3.12/site-packages/croniter/croniter.py", line 821, in expand
    return cls._expand(expr_format, hash_id=hash_id)
           ^^^^^^^^^^^^^^^^^^^^^^^^^^^^^^^^^^^^^^^^^
  File "/home/airflow/.local/lib/python3.12/site-packages/croniter/croniter.py", line 659, in _expand
    raise CroniterBadCronError(cls.bad_length)
croniter.croniter.CroniterBadCronError: Exactly 5 or 6 columns has to be specified for iterator expression.

During handling of the above exception, another exception occurred:

Traceback (most recent call last):
  File "/home/airflow/.local/lib/python3.12/site-packages/airflow/models/dagbag.py", line 447, in _process_modules
    dag.validate()
  File "/home/airflow/.local/lib/python3.12/site-packages/airflow/models/dag.py", line 775, in validate
    self.timetable.validate()
  File "/home/airflow/.local/lib/python3.12/site-packages/airflow/timetables/_cron.py", line 102, in validate
    raise AirflowTimetableInvalid(str(e))
airflow.exceptions.AirflowTimetableInvalid: Exactly 5 or 6 columns has to be specified for iterator expression.
[2025-06-09T00:42:59.312+0000] {processor.py:842} WARNING - No viable dags retrieved from /opt/airflow/dags/producer_dag.py
[2025-06-09T00:42:59.322+0000] {processor.py:183} INFO - Processing /opt/airflow/dags/producer_dag.py took 0.046 seconds
[2025-06-09T01:15:14.006+0000] {processor.py:161} INFO - Started process (PID=2732) to work on /opt/airflow/dags/producer_dag.py
[2025-06-09T01:15:14.007+0000] {processor.py:830} INFO - Processing file /opt/airflow/dags/producer_dag.py for tasks to queue
[2025-06-09T01:15:14.008+0000] {logging_mixin.py:188} INFO - [2025-06-09T01:15:14.007+0000] {dagbag.py:545} INFO - Filling up the DagBag from /opt/airflow/dags/producer_dag.py
[2025-06-09T01:15:14.047+0000] {logging_mixin.py:188} INFO - [2025-06-09T01:15:14.045+0000] {dagbag.py:452} ERROR - Failed to bag_dag: /opt/airflow/dags/producer_dag.py
Traceback (most recent call last):
  File "/home/airflow/.local/lib/python3.12/site-packages/airflow/timetables/_cron.py", line 100, in validate
    croniter(self._expression)
  File "/home/airflow/.local/lib/python3.12/site-packages/croniter/croniter.py", line 187, in __init__
    self.expanded, self.nth_weekday_of_month = self.expand(expr_format, hash_id=hash_id)
                                               ^^^^^^^^^^^^^^^^^^^^^^^^^^^^^^^^^^^^^^^^^
  File "/home/airflow/.local/lib/python3.12/site-packages/croniter/croniter.py", line 821, in expand
    return cls._expand(expr_format, hash_id=hash_id)
           ^^^^^^^^^^^^^^^^^^^^^^^^^^^^^^^^^^^^^^^^^
  File "/home/airflow/.local/lib/python3.12/site-packages/croniter/croniter.py", line 659, in _expand
    raise CroniterBadCronError(cls.bad_length)
croniter.croniter.CroniterBadCronError: Exactly 5 or 6 columns has to be specified for iterator expression.

During handling of the above exception, another exception occurred:

Traceback (most recent call last):
  File "/home/airflow/.local/lib/python3.12/site-packages/airflow/models/dagbag.py", line 447, in _process_modules
    dag.validate()
  File "/home/airflow/.local/lib/python3.12/site-packages/airflow/models/dag.py", line 775, in validate
    self.timetable.validate()
  File "/home/airflow/.local/lib/python3.12/site-packages/airflow/timetables/_cron.py", line 102, in validate
    raise AirflowTimetableInvalid(str(e))
airflow.exceptions.AirflowTimetableInvalid: Exactly 5 or 6 columns has to be specified for iterator expression.
[2025-06-09T01:15:14.047+0000] {processor.py:842} WARNING - No viable dags retrieved from /opt/airflow/dags/producer_dag.py
[2025-06-09T01:15:14.059+0000] {processor.py:183} INFO - Processing /opt/airflow/dags/producer_dag.py took 0.063 seconds
[2025-06-09T02:10:22.253+0000] {processor.py:161} INFO - Started process (PID=2737) to work on /opt/airflow/dags/producer_dag.py
[2025-06-09T02:10:22.254+0000] {processor.py:830} INFO - Processing file /opt/airflow/dags/producer_dag.py for tasks to queue
[2025-06-09T02:10:22.254+0000] {logging_mixin.py:188} INFO - [2025-06-09T02:10:22.254+0000] {dagbag.py:545} INFO - Filling up the DagBag from /opt/airflow/dags/producer_dag.py
[2025-06-09T02:10:22.278+0000] {logging_mixin.py:188} INFO - [2025-06-09T02:10:22.277+0000] {dagbag.py:452} ERROR - Failed to bag_dag: /opt/airflow/dags/producer_dag.py
Traceback (most recent call last):
  File "/home/airflow/.local/lib/python3.12/site-packages/airflow/timetables/_cron.py", line 100, in validate
    croniter(self._expression)
  File "/home/airflow/.local/lib/python3.12/site-packages/croniter/croniter.py", line 187, in __init__
    self.expanded, self.nth_weekday_of_month = self.expand(expr_format, hash_id=hash_id)
                                               ^^^^^^^^^^^^^^^^^^^^^^^^^^^^^^^^^^^^^^^^^
  File "/home/airflow/.local/lib/python3.12/site-packages/croniter/croniter.py", line 821, in expand
    return cls._expand(expr_format, hash_id=hash_id)
           ^^^^^^^^^^^^^^^^^^^^^^^^^^^^^^^^^^^^^^^^^
  File "/home/airflow/.local/lib/python3.12/site-packages/croniter/croniter.py", line 659, in _expand
    raise CroniterBadCronError(cls.bad_length)
croniter.croniter.CroniterBadCronError: Exactly 5 or 6 columns has to be specified for iterator expression.

During handling of the above exception, another exception occurred:

Traceback (most recent call last):
  File "/home/airflow/.local/lib/python3.12/site-packages/airflow/models/dagbag.py", line 447, in _process_modules
    dag.validate()
  File "/home/airflow/.local/lib/python3.12/site-packages/airflow/models/dag.py", line 775, in validate
    self.timetable.validate()
  File "/home/airflow/.local/lib/python3.12/site-packages/airflow/timetables/_cron.py", line 102, in validate
    raise AirflowTimetableInvalid(str(e))
airflow.exceptions.AirflowTimetableInvalid: Exactly 5 or 6 columns has to be specified for iterator expression.
[2025-06-09T02:10:22.278+0000] {processor.py:842} WARNING - No viable dags retrieved from /opt/airflow/dags/producer_dag.py
[2025-06-09T02:10:22.288+0000] {processor.py:183} INFO - Processing /opt/airflow/dags/producer_dag.py took 0.040 seconds
[2025-06-09T02:49:59.338+0000] {processor.py:161} INFO - Started process (PID=2742) to work on /opt/airflow/dags/producer_dag.py
[2025-06-09T02:49:59.338+0000] {processor.py:830} INFO - Processing file /opt/airflow/dags/producer_dag.py for tasks to queue
[2025-06-09T02:49:59.339+0000] {logging_mixin.py:188} INFO - [2025-06-09T02:49:59.339+0000] {dagbag.py:545} INFO - Filling up the DagBag from /opt/airflow/dags/producer_dag.py
[2025-06-09T02:49:59.367+0000] {logging_mixin.py:188} INFO - [2025-06-09T02:49:59.365+0000] {dagbag.py:452} ERROR - Failed to bag_dag: /opt/airflow/dags/producer_dag.py
Traceback (most recent call last):
  File "/home/airflow/.local/lib/python3.12/site-packages/airflow/timetables/_cron.py", line 100, in validate
    croniter(self._expression)
  File "/home/airflow/.local/lib/python3.12/site-packages/croniter/croniter.py", line 187, in __init__
    self.expanded, self.nth_weekday_of_month = self.expand(expr_format, hash_id=hash_id)
                                               ^^^^^^^^^^^^^^^^^^^^^^^^^^^^^^^^^^^^^^^^^
  File "/home/airflow/.local/lib/python3.12/site-packages/croniter/croniter.py", line 821, in expand
    return cls._expand(expr_format, hash_id=hash_id)
           ^^^^^^^^^^^^^^^^^^^^^^^^^^^^^^^^^^^^^^^^^
  File "/home/airflow/.local/lib/python3.12/site-packages/croniter/croniter.py", line 659, in _expand
    raise CroniterBadCronError(cls.bad_length)
croniter.croniter.CroniterBadCronError: Exactly 5 or 6 columns has to be specified for iterator expression.

During handling of the above exception, another exception occurred:

Traceback (most recent call last):
  File "/home/airflow/.local/lib/python3.12/site-packages/airflow/models/dagbag.py", line 447, in _process_modules
    dag.validate()
  File "/home/airflow/.local/lib/python3.12/site-packages/airflow/models/dag.py", line 775, in validate
    self.timetable.validate()
  File "/home/airflow/.local/lib/python3.12/site-packages/airflow/timetables/_cron.py", line 102, in validate
    raise AirflowTimetableInvalid(str(e))
airflow.exceptions.AirflowTimetableInvalid: Exactly 5 or 6 columns has to be specified for iterator expression.
[2025-06-09T02:49:59.367+0000] {processor.py:842} WARNING - No viable dags retrieved from /opt/airflow/dags/producer_dag.py
[2025-06-09T02:49:59.380+0000] {processor.py:183} INFO - Processing /opt/airflow/dags/producer_dag.py took 0.048 seconds
[2025-06-09T02:50:29.472+0000] {processor.py:161} INFO - Started process (PID=2747) to work on /opt/airflow/dags/producer_dag.py
[2025-06-09T02:50:29.473+0000] {processor.py:830} INFO - Processing file /opt/airflow/dags/producer_dag.py for tasks to queue
[2025-06-09T02:50:29.473+0000] {logging_mixin.py:188} INFO - [2025-06-09T02:50:29.473+0000] {dagbag.py:545} INFO - Filling up the DagBag from /opt/airflow/dags/producer_dag.py
[2025-06-09T02:50:29.499+0000] {logging_mixin.py:188} INFO - [2025-06-09T02:50:29.497+0000] {dagbag.py:452} ERROR - Failed to bag_dag: /opt/airflow/dags/producer_dag.py
Traceback (most recent call last):
  File "/home/airflow/.local/lib/python3.12/site-packages/airflow/timetables/_cron.py", line 100, in validate
    croniter(self._expression)
  File "/home/airflow/.local/lib/python3.12/site-packages/croniter/croniter.py", line 187, in __init__
    self.expanded, self.nth_weekday_of_month = self.expand(expr_format, hash_id=hash_id)
                                               ^^^^^^^^^^^^^^^^^^^^^^^^^^^^^^^^^^^^^^^^^
  File "/home/airflow/.local/lib/python3.12/site-packages/croniter/croniter.py", line 821, in expand
    return cls._expand(expr_format, hash_id=hash_id)
           ^^^^^^^^^^^^^^^^^^^^^^^^^^^^^^^^^^^^^^^^^
  File "/home/airflow/.local/lib/python3.12/site-packages/croniter/croniter.py", line 659, in _expand
    raise CroniterBadCronError(cls.bad_length)
croniter.croniter.CroniterBadCronError: Exactly 5 or 6 columns has to be specified for iterator expression.

During handling of the above exception, another exception occurred:

Traceback (most recent call last):
  File "/home/airflow/.local/lib/python3.12/site-packages/airflow/models/dagbag.py", line 447, in _process_modules
    dag.validate()
  File "/home/airflow/.local/lib/python3.12/site-packages/airflow/models/dag.py", line 775, in validate
    self.timetable.validate()
  File "/home/airflow/.local/lib/python3.12/site-packages/airflow/timetables/_cron.py", line 102, in validate
    raise AirflowTimetableInvalid(str(e))
airflow.exceptions.AirflowTimetableInvalid: Exactly 5 or 6 columns has to be specified for iterator expression.
[2025-06-09T02:50:29.499+0000] {processor.py:842} WARNING - No viable dags retrieved from /opt/airflow/dags/producer_dag.py
[2025-06-09T02:50:29.509+0000] {processor.py:183} INFO - Processing /opt/airflow/dags/producer_dag.py took 0.042 seconds
[2025-06-09T03:42:49.926+0000] {processor.py:161} INFO - Started process (PID=2752) to work on /opt/airflow/dags/producer_dag.py
[2025-06-09T03:42:49.927+0000] {processor.py:830} INFO - Processing file /opt/airflow/dags/producer_dag.py for tasks to queue
[2025-06-09T03:42:49.928+0000] {logging_mixin.py:188} INFO - [2025-06-09T03:42:49.927+0000] {dagbag.py:545} INFO - Filling up the DagBag from /opt/airflow/dags/producer_dag.py
[2025-06-09T03:42:49.991+0000] {logging_mixin.py:188} INFO - [2025-06-09T03:42:49.988+0000] {dagbag.py:452} ERROR - Failed to bag_dag: /opt/airflow/dags/producer_dag.py
Traceback (most recent call last):
  File "/home/airflow/.local/lib/python3.12/site-packages/airflow/timetables/_cron.py", line 100, in validate
    croniter(self._expression)
  File "/home/airflow/.local/lib/python3.12/site-packages/croniter/croniter.py", line 187, in __init__
    self.expanded, self.nth_weekday_of_month = self.expand(expr_format, hash_id=hash_id)
                                               ^^^^^^^^^^^^^^^^^^^^^^^^^^^^^^^^^^^^^^^^^
  File "/home/airflow/.local/lib/python3.12/site-packages/croniter/croniter.py", line 821, in expand
    return cls._expand(expr_format, hash_id=hash_id)
           ^^^^^^^^^^^^^^^^^^^^^^^^^^^^^^^^^^^^^^^^^
  File "/home/airflow/.local/lib/python3.12/site-packages/croniter/croniter.py", line 659, in _expand
    raise CroniterBadCronError(cls.bad_length)
croniter.croniter.CroniterBadCronError: Exactly 5 or 6 columns has to be specified for iterator expression.

During handling of the above exception, another exception occurred:

Traceback (most recent call last):
  File "/home/airflow/.local/lib/python3.12/site-packages/airflow/models/dagbag.py", line 447, in _process_modules
    dag.validate()
  File "/home/airflow/.local/lib/python3.12/site-packages/airflow/models/dag.py", line 775, in validate
    self.timetable.validate()
  File "/home/airflow/.local/lib/python3.12/site-packages/airflow/timetables/_cron.py", line 102, in validate
    raise AirflowTimetableInvalid(str(e))
airflow.exceptions.AirflowTimetableInvalid: Exactly 5 or 6 columns has to be specified for iterator expression.
[2025-06-09T03:42:49.991+0000] {processor.py:842} WARNING - No viable dags retrieved from /opt/airflow/dags/producer_dag.py
[2025-06-09T03:42:50.012+0000] {processor.py:183} INFO - Processing /opt/airflow/dags/producer_dag.py took 0.111 seconds
[2025-06-09T04:43:00.224+0000] {processor.py:161} INFO - Started process (PID=2757) to work on /opt/airflow/dags/producer_dag.py
[2025-06-09T04:43:00.225+0000] {processor.py:830} INFO - Processing file /opt/airflow/dags/producer_dag.py for tasks to queue
[2025-06-09T04:43:00.225+0000] {logging_mixin.py:188} INFO - [2025-06-09T04:43:00.225+0000] {dagbag.py:545} INFO - Filling up the DagBag from /opt/airflow/dags/producer_dag.py
[2025-06-09T04:43:00.252+0000] {logging_mixin.py:188} INFO - [2025-06-09T04:43:00.251+0000] {dagbag.py:452} ERROR - Failed to bag_dag: /opt/airflow/dags/producer_dag.py
Traceback (most recent call last):
  File "/home/airflow/.local/lib/python3.12/site-packages/airflow/timetables/_cron.py", line 100, in validate
    croniter(self._expression)
  File "/home/airflow/.local/lib/python3.12/site-packages/croniter/croniter.py", line 187, in __init__
    self.expanded, self.nth_weekday_of_month = self.expand(expr_format, hash_id=hash_id)
                                               ^^^^^^^^^^^^^^^^^^^^^^^^^^^^^^^^^^^^^^^^^
  File "/home/airflow/.local/lib/python3.12/site-packages/croniter/croniter.py", line 821, in expand
    return cls._expand(expr_format, hash_id=hash_id)
           ^^^^^^^^^^^^^^^^^^^^^^^^^^^^^^^^^^^^^^^^^
  File "/home/airflow/.local/lib/python3.12/site-packages/croniter/croniter.py", line 659, in _expand
    raise CroniterBadCronError(cls.bad_length)
croniter.croniter.CroniterBadCronError: Exactly 5 or 6 columns has to be specified for iterator expression.

During handling of the above exception, another exception occurred:

Traceback (most recent call last):
  File "/home/airflow/.local/lib/python3.12/site-packages/airflow/models/dagbag.py", line 447, in _process_modules
    dag.validate()
  File "/home/airflow/.local/lib/python3.12/site-packages/airflow/models/dag.py", line 775, in validate
    self.timetable.validate()
  File "/home/airflow/.local/lib/python3.12/site-packages/airflow/timetables/_cron.py", line 102, in validate
    raise AirflowTimetableInvalid(str(e))
airflow.exceptions.AirflowTimetableInvalid: Exactly 5 or 6 columns has to be specified for iterator expression.
[2025-06-09T04:43:00.253+0000] {processor.py:842} WARNING - No viable dags retrieved from /opt/airflow/dags/producer_dag.py
[2025-06-09T04:43:00.262+0000] {processor.py:183} INFO - Processing /opt/airflow/dags/producer_dag.py took 0.043 seconds
[2025-06-09T05:13:23.118+0000] {processor.py:161} INFO - Started process (PID=2762) to work on /opt/airflow/dags/producer_dag.py
[2025-06-09T05:13:23.119+0000] {processor.py:830} INFO - Processing file /opt/airflow/dags/producer_dag.py for tasks to queue
[2025-06-09T05:13:23.119+0000] {logging_mixin.py:188} INFO - [2025-06-09T05:13:23.119+0000] {dagbag.py:545} INFO - Filling up the DagBag from /opt/airflow/dags/producer_dag.py
[2025-06-09T05:13:23.158+0000] {logging_mixin.py:188} INFO - [2025-06-09T05:13:23.156+0000] {dagbag.py:452} ERROR - Failed to bag_dag: /opt/airflow/dags/producer_dag.py
Traceback (most recent call last):
  File "/home/airflow/.local/lib/python3.12/site-packages/airflow/timetables/_cron.py", line 100, in validate
    croniter(self._expression)
  File "/home/airflow/.local/lib/python3.12/site-packages/croniter/croniter.py", line 187, in __init__
    self.expanded, self.nth_weekday_of_month = self.expand(expr_format, hash_id=hash_id)
                                               ^^^^^^^^^^^^^^^^^^^^^^^^^^^^^^^^^^^^^^^^^
  File "/home/airflow/.local/lib/python3.12/site-packages/croniter/croniter.py", line 821, in expand
    return cls._expand(expr_format, hash_id=hash_id)
           ^^^^^^^^^^^^^^^^^^^^^^^^^^^^^^^^^^^^^^^^^
  File "/home/airflow/.local/lib/python3.12/site-packages/croniter/croniter.py", line 659, in _expand
    raise CroniterBadCronError(cls.bad_length)
croniter.croniter.CroniterBadCronError: Exactly 5 or 6 columns has to be specified for iterator expression.

During handling of the above exception, another exception occurred:

Traceback (most recent call last):
  File "/home/airflow/.local/lib/python3.12/site-packages/airflow/models/dagbag.py", line 447, in _process_modules
    dag.validate()
  File "/home/airflow/.local/lib/python3.12/site-packages/airflow/models/dag.py", line 775, in validate
    self.timetable.validate()
  File "/home/airflow/.local/lib/python3.12/site-packages/airflow/timetables/_cron.py", line 102, in validate
    raise AirflowTimetableInvalid(str(e))
airflow.exceptions.AirflowTimetableInvalid: Exactly 5 or 6 columns has to be specified for iterator expression.
[2025-06-09T05:13:23.159+0000] {processor.py:842} WARNING - No viable dags retrieved from /opt/airflow/dags/producer_dag.py
[2025-06-09T05:13:23.173+0000] {processor.py:183} INFO - Processing /opt/airflow/dags/producer_dag.py took 0.063 seconds
[2025-06-09T05:14:31.419+0000] {processor.py:161} INFO - Started process (PID=2767) to work on /opt/airflow/dags/producer_dag.py
[2025-06-09T05:14:31.420+0000] {processor.py:830} INFO - Processing file /opt/airflow/dags/producer_dag.py for tasks to queue
[2025-06-09T05:14:31.421+0000] {logging_mixin.py:188} INFO - [2025-06-09T05:14:31.421+0000] {dagbag.py:545} INFO - Filling up the DagBag from /opt/airflow/dags/producer_dag.py
[2025-06-09T05:14:31.451+0000] {logging_mixin.py:188} INFO - [2025-06-09T05:14:31.449+0000] {dagbag.py:452} ERROR - Failed to bag_dag: /opt/airflow/dags/producer_dag.py
Traceback (most recent call last):
  File "/home/airflow/.local/lib/python3.12/site-packages/airflow/timetables/_cron.py", line 100, in validate
    croniter(self._expression)
  File "/home/airflow/.local/lib/python3.12/site-packages/croniter/croniter.py", line 187, in __init__
    self.expanded, self.nth_weekday_of_month = self.expand(expr_format, hash_id=hash_id)
                                               ^^^^^^^^^^^^^^^^^^^^^^^^^^^^^^^^^^^^^^^^^
  File "/home/airflow/.local/lib/python3.12/site-packages/croniter/croniter.py", line 821, in expand
    return cls._expand(expr_format, hash_id=hash_id)
           ^^^^^^^^^^^^^^^^^^^^^^^^^^^^^^^^^^^^^^^^^
  File "/home/airflow/.local/lib/python3.12/site-packages/croniter/croniter.py", line 659, in _expand
    raise CroniterBadCronError(cls.bad_length)
croniter.croniter.CroniterBadCronError: Exactly 5 or 6 columns has to be specified for iterator expression.

During handling of the above exception, another exception occurred:

Traceback (most recent call last):
  File "/home/airflow/.local/lib/python3.12/site-packages/airflow/models/dagbag.py", line 447, in _process_modules
    dag.validate()
  File "/home/airflow/.local/lib/python3.12/site-packages/airflow/models/dag.py", line 775, in validate
    self.timetable.validate()
  File "/home/airflow/.local/lib/python3.12/site-packages/airflow/timetables/_cron.py", line 102, in validate
    raise AirflowTimetableInvalid(str(e))
airflow.exceptions.AirflowTimetableInvalid: Exactly 5 or 6 columns has to be specified for iterator expression.
[2025-06-09T05:14:31.451+0000] {processor.py:842} WARNING - No viable dags retrieved from /opt/airflow/dags/producer_dag.py
[2025-06-09T05:14:31.461+0000] {processor.py:183} INFO - Processing /opt/airflow/dags/producer_dag.py took 0.048 seconds
[2025-06-09T06:00:55.023+0000] {processor.py:161} INFO - Started process (PID=2772) to work on /opt/airflow/dags/producer_dag.py
[2025-06-09T06:00:55.024+0000] {processor.py:830} INFO - Processing file /opt/airflow/dags/producer_dag.py for tasks to queue
[2025-06-09T06:00:55.025+0000] {logging_mixin.py:188} INFO - [2025-06-09T06:00:55.025+0000] {dagbag.py:545} INFO - Filling up the DagBag from /opt/airflow/dags/producer_dag.py
[2025-06-09T06:00:55.073+0000] {logging_mixin.py:188} INFO - [2025-06-09T06:00:55.071+0000] {dagbag.py:452} ERROR - Failed to bag_dag: /opt/airflow/dags/producer_dag.py
Traceback (most recent call last):
  File "/home/airflow/.local/lib/python3.12/site-packages/airflow/timetables/_cron.py", line 100, in validate
    croniter(self._expression)
  File "/home/airflow/.local/lib/python3.12/site-packages/croniter/croniter.py", line 187, in __init__
    self.expanded, self.nth_weekday_of_month = self.expand(expr_format, hash_id=hash_id)
                                               ^^^^^^^^^^^^^^^^^^^^^^^^^^^^^^^^^^^^^^^^^
  File "/home/airflow/.local/lib/python3.12/site-packages/croniter/croniter.py", line 821, in expand
    return cls._expand(expr_format, hash_id=hash_id)
           ^^^^^^^^^^^^^^^^^^^^^^^^^^^^^^^^^^^^^^^^^
  File "/home/airflow/.local/lib/python3.12/site-packages/croniter/croniter.py", line 659, in _expand
    raise CroniterBadCronError(cls.bad_length)
croniter.croniter.CroniterBadCronError: Exactly 5 or 6 columns has to be specified for iterator expression.

During handling of the above exception, another exception occurred:

Traceback (most recent call last):
  File "/home/airflow/.local/lib/python3.12/site-packages/airflow/models/dagbag.py", line 447, in _process_modules
    dag.validate()
  File "/home/airflow/.local/lib/python3.12/site-packages/airflow/models/dag.py", line 775, in validate
    self.timetable.validate()
  File "/home/airflow/.local/lib/python3.12/site-packages/airflow/timetables/_cron.py", line 102, in validate
    raise AirflowTimetableInvalid(str(e))
airflow.exceptions.AirflowTimetableInvalid: Exactly 5 or 6 columns has to be specified for iterator expression.
[2025-06-09T06:00:55.074+0000] {processor.py:842} WARNING - No viable dags retrieved from /opt/airflow/dags/producer_dag.py
[2025-06-09T06:00:55.090+0000] {processor.py:183} INFO - Processing /opt/airflow/dags/producer_dag.py took 0.079 seconds
[2025-06-09T06:01:25.166+0000] {processor.py:161} INFO - Started process (PID=2777) to work on /opt/airflow/dags/producer_dag.py
[2025-06-09T06:01:25.167+0000] {processor.py:830} INFO - Processing file /opt/airflow/dags/producer_dag.py for tasks to queue
[2025-06-09T06:01:25.168+0000] {logging_mixin.py:188} INFO - [2025-06-09T06:01:25.167+0000] {dagbag.py:545} INFO - Filling up the DagBag from /opt/airflow/dags/producer_dag.py
[2025-06-09T06:01:25.194+0000] {logging_mixin.py:188} INFO - [2025-06-09T06:01:25.193+0000] {dagbag.py:452} ERROR - Failed to bag_dag: /opt/airflow/dags/producer_dag.py
Traceback (most recent call last):
  File "/home/airflow/.local/lib/python3.12/site-packages/airflow/timetables/_cron.py", line 100, in validate
    croniter(self._expression)
  File "/home/airflow/.local/lib/python3.12/site-packages/croniter/croniter.py", line 187, in __init__
    self.expanded, self.nth_weekday_of_month = self.expand(expr_format, hash_id=hash_id)
                                               ^^^^^^^^^^^^^^^^^^^^^^^^^^^^^^^^^^^^^^^^^
  File "/home/airflow/.local/lib/python3.12/site-packages/croniter/croniter.py", line 821, in expand
    return cls._expand(expr_format, hash_id=hash_id)
           ^^^^^^^^^^^^^^^^^^^^^^^^^^^^^^^^^^^^^^^^^
  File "/home/airflow/.local/lib/python3.12/site-packages/croniter/croniter.py", line 659, in _expand
    raise CroniterBadCronError(cls.bad_length)
croniter.croniter.CroniterBadCronError: Exactly 5 or 6 columns has to be specified for iterator expression.

During handling of the above exception, another exception occurred:

Traceback (most recent call last):
  File "/home/airflow/.local/lib/python3.12/site-packages/airflow/models/dagbag.py", line 447, in _process_modules
    dag.validate()
  File "/home/airflow/.local/lib/python3.12/site-packages/airflow/models/dag.py", line 775, in validate
    self.timetable.validate()
  File "/home/airflow/.local/lib/python3.12/site-packages/airflow/timetables/_cron.py", line 102, in validate
    raise AirflowTimetableInvalid(str(e))
airflow.exceptions.AirflowTimetableInvalid: Exactly 5 or 6 columns has to be specified for iterator expression.
[2025-06-09T06:01:25.194+0000] {processor.py:842} WARNING - No viable dags retrieved from /opt/airflow/dags/producer_dag.py
[2025-06-09T06:01:25.208+0000] {processor.py:183} INFO - Processing /opt/airflow/dags/producer_dag.py took 0.047 seconds
[2025-06-09T06:01:55.406+0000] {processor.py:161} INFO - Started process (PID=2782) to work on /opt/airflow/dags/producer_dag.py
[2025-06-09T06:01:55.407+0000] {processor.py:830} INFO - Processing file /opt/airflow/dags/producer_dag.py for tasks to queue
[2025-06-09T06:01:55.408+0000] {logging_mixin.py:188} INFO - [2025-06-09T06:01:55.408+0000] {dagbag.py:545} INFO - Filling up the DagBag from /opt/airflow/dags/producer_dag.py
[2025-06-09T06:01:55.472+0000] {logging_mixin.py:188} INFO - [2025-06-09T06:01:55.469+0000] {dagbag.py:452} ERROR - Failed to bag_dag: /opt/airflow/dags/producer_dag.py
Traceback (most recent call last):
  File "/home/airflow/.local/lib/python3.12/site-packages/airflow/timetables/_cron.py", line 100, in validate
    croniter(self._expression)
  File "/home/airflow/.local/lib/python3.12/site-packages/croniter/croniter.py", line 187, in __init__
    self.expanded, self.nth_weekday_of_month = self.expand(expr_format, hash_id=hash_id)
                                               ^^^^^^^^^^^^^^^^^^^^^^^^^^^^^^^^^^^^^^^^^
  File "/home/airflow/.local/lib/python3.12/site-packages/croniter/croniter.py", line 821, in expand
    return cls._expand(expr_format, hash_id=hash_id)
           ^^^^^^^^^^^^^^^^^^^^^^^^^^^^^^^^^^^^^^^^^
  File "/home/airflow/.local/lib/python3.12/site-packages/croniter/croniter.py", line 659, in _expand
    raise CroniterBadCronError(cls.bad_length)
croniter.croniter.CroniterBadCronError: Exactly 5 or 6 columns has to be specified for iterator expression.

During handling of the above exception, another exception occurred:

Traceback (most recent call last):
  File "/home/airflow/.local/lib/python3.12/site-packages/airflow/models/dagbag.py", line 447, in _process_modules
    dag.validate()
  File "/home/airflow/.local/lib/python3.12/site-packages/airflow/models/dag.py", line 775, in validate
    self.timetable.validate()
  File "/home/airflow/.local/lib/python3.12/site-packages/airflow/timetables/_cron.py", line 102, in validate
    raise AirflowTimetableInvalid(str(e))
airflow.exceptions.AirflowTimetableInvalid: Exactly 5 or 6 columns has to be specified for iterator expression.
[2025-06-09T06:01:55.472+0000] {processor.py:842} WARNING - No viable dags retrieved from /opt/airflow/dags/producer_dag.py
[2025-06-09T06:01:55.493+0000] {processor.py:183} INFO - Processing /opt/airflow/dags/producer_dag.py took 0.104 seconds
[2025-06-09T06:02:14.599+0000] {processor.py:161} INFO - Started process (PID=2787) to work on /opt/airflow/dags/producer_dag.py
[2025-06-09T06:02:14.600+0000] {processor.py:830} INFO - Processing file /opt/airflow/dags/producer_dag.py for tasks to queue
[2025-06-09T06:02:14.601+0000] {logging_mixin.py:188} INFO - [2025-06-09T06:02:14.600+0000] {dagbag.py:545} INFO - Filling up the DagBag from /opt/airflow/dags/producer_dag.py
[2025-06-09T06:02:14.632+0000] {logging_mixin.py:188} INFO - [2025-06-09T06:02:14.630+0000] {dagbag.py:452} ERROR - Failed to bag_dag: /opt/airflow/dags/producer_dag.py
Traceback (most recent call last):
  File "/home/airflow/.local/lib/python3.12/site-packages/airflow/timetables/_cron.py", line 100, in validate
    croniter(self._expression)
  File "/home/airflow/.local/lib/python3.12/site-packages/croniter/croniter.py", line 187, in __init__
    self.expanded, self.nth_weekday_of_month = self.expand(expr_format, hash_id=hash_id)
                                               ^^^^^^^^^^^^^^^^^^^^^^^^^^^^^^^^^^^^^^^^^
  File "/home/airflow/.local/lib/python3.12/site-packages/croniter/croniter.py", line 821, in expand
    return cls._expand(expr_format, hash_id=hash_id)
           ^^^^^^^^^^^^^^^^^^^^^^^^^^^^^^^^^^^^^^^^^
  File "/home/airflow/.local/lib/python3.12/site-packages/croniter/croniter.py", line 659, in _expand
    raise CroniterBadCronError(cls.bad_length)
croniter.croniter.CroniterBadCronError: Exactly 5 or 6 columns has to be specified for iterator expression.

During handling of the above exception, another exception occurred:

Traceback (most recent call last):
  File "/home/airflow/.local/lib/python3.12/site-packages/airflow/models/dagbag.py", line 447, in _process_modules
    dag.validate()
  File "/home/airflow/.local/lib/python3.12/site-packages/airflow/models/dag.py", line 775, in validate
    self.timetable.validate()
  File "/home/airflow/.local/lib/python3.12/site-packages/airflow/timetables/_cron.py", line 102, in validate
    raise AirflowTimetableInvalid(str(e))
airflow.exceptions.AirflowTimetableInvalid: Exactly 5 or 6 columns has to be specified for iterator expression.
[2025-06-09T06:02:14.632+0000] {processor.py:842} WARNING - No viable dags retrieved from /opt/airflow/dags/producer_dag.py
[2025-06-09T06:02:14.645+0000] {processor.py:183} INFO - Processing /opt/airflow/dags/producer_dag.py took 0.051 seconds
[2025-06-09T06:02:18.617+0000] {processor.py:161} INFO - Started process (PID=2792) to work on /opt/airflow/dags/producer_dag.py
[2025-06-09T06:02:18.618+0000] {processor.py:830} INFO - Processing file /opt/airflow/dags/producer_dag.py for tasks to queue
[2025-06-09T06:02:18.618+0000] {logging_mixin.py:188} INFO - [2025-06-09T06:02:18.618+0000] {dagbag.py:545} INFO - Filling up the DagBag from /opt/airflow/dags/producer_dag.py
[2025-06-09T06:02:18.647+0000] {processor.py:840} INFO - DAG(s) 'master_pipeline_with_es_guard' retrieved from /opt/airflow/dags/producer_dag.py
[2025-06-09T06:02:18.891+0000] {logging_mixin.py:188} INFO - [2025-06-09T06:02:18.891+0000] {dag.py:3096} INFO - Sync 1 DAGs
[2025-06-09T06:02:18.902+0000] {logging_mixin.py:188} INFO - [2025-06-09T06:02:18.902+0000] {dag.py:3954} INFO - Setting next_dagrun for master_pipeline_with_es_guard to 2025-06-09 05:30:00+00:00, run_after=2025-06-09 06:00:00+00:00
[2025-06-09T06:02:18.914+0000] {processor.py:183} INFO - Processing /opt/airflow/dags/producer_dag.py took 0.301 seconds
[2025-06-09T06:02:49.069+0000] {processor.py:161} INFO - Started process (PID=2797) to work on /opt/airflow/dags/producer_dag.py
[2025-06-09T06:02:49.070+0000] {processor.py:830} INFO - Processing file /opt/airflow/dags/producer_dag.py for tasks to queue
[2025-06-09T06:02:49.071+0000] {logging_mixin.py:188} INFO - [2025-06-09T06:02:49.071+0000] {dagbag.py:545} INFO - Filling up the DagBag from /opt/airflow/dags/producer_dag.py
[2025-06-09T06:02:49.114+0000] {processor.py:840} INFO - DAG(s) 'master_pipeline_with_es_guard' retrieved from /opt/airflow/dags/producer_dag.py
[2025-06-09T06:02:49.133+0000] {logging_mixin.py:188} INFO - [2025-06-09T06:02:49.133+0000] {dag.py:3096} INFO - Sync 1 DAGs
[2025-06-09T06:02:49.238+0000] {logging_mixin.py:188} INFO - [2025-06-09T06:02:49.238+0000] {dag.py:3954} INFO - Setting next_dagrun for master_pipeline_with_es_guard to 2025-06-09 05:30:00+00:00, run_after=2025-06-09 06:00:00+00:00
[2025-06-09T06:02:49.246+0000] {processor.py:183} INFO - Processing /opt/airflow/dags/producer_dag.py took 0.187 seconds
[2025-06-09T06:03:19.408+0000] {processor.py:161} INFO - Started process (PID=2802) to work on /opt/airflow/dags/producer_dag.py
[2025-06-09T06:03:19.409+0000] {processor.py:830} INFO - Processing file /opt/airflow/dags/producer_dag.py for tasks to queue
[2025-06-09T06:03:19.410+0000] {logging_mixin.py:188} INFO - [2025-06-09T06:03:19.409+0000] {dagbag.py:545} INFO - Filling up the DagBag from /opt/airflow/dags/producer_dag.py
[2025-06-09T06:03:19.455+0000] {processor.py:840} INFO - DAG(s) 'master_pipeline_with_es_guard' retrieved from /opt/airflow/dags/producer_dag.py
[2025-06-09T06:03:19.486+0000] {logging_mixin.py:188} INFO - [2025-06-09T06:03:19.486+0000] {dag.py:3096} INFO - Sync 1 DAGs
[2025-06-09T06:03:19.509+0000] {logging_mixin.py:188} INFO - [2025-06-09T06:03:19.509+0000] {dag.py:3954} INFO - Setting next_dagrun for master_pipeline_with_es_guard to 2025-06-09 05:30:00+00:00, run_after=2025-06-09 06:00:00+00:00
[2025-06-09T06:03:19.525+0000] {processor.py:183} INFO - Processing /opt/airflow/dags/producer_dag.py took 0.122 seconds
[2025-06-09T06:03:49.572+0000] {processor.py:161} INFO - Started process (PID=2807) to work on /opt/airflow/dags/producer_dag.py
[2025-06-09T06:03:49.573+0000] {processor.py:830} INFO - Processing file /opt/airflow/dags/producer_dag.py for tasks to queue
[2025-06-09T06:03:49.574+0000] {logging_mixin.py:188} INFO - [2025-06-09T06:03:49.573+0000] {dagbag.py:545} INFO - Filling up the DagBag from /opt/airflow/dags/producer_dag.py
[2025-06-09T06:03:49.601+0000] {processor.py:840} INFO - DAG(s) 'master_pipeline_with_es_guard' retrieved from /opt/airflow/dags/producer_dag.py
[2025-06-09T06:03:49.617+0000] {logging_mixin.py:188} INFO - [2025-06-09T06:03:49.617+0000] {dag.py:3096} INFO - Sync 1 DAGs
[2025-06-09T06:03:49.639+0000] {logging_mixin.py:188} INFO - [2025-06-09T06:03:49.639+0000] {dag.py:3954} INFO - Setting next_dagrun for master_pipeline_with_es_guard to 2025-06-09 05:30:00+00:00, run_after=2025-06-09 06:00:00+00:00
[2025-06-09T06:03:49.651+0000] {processor.py:183} INFO - Processing /opt/airflow/dags/producer_dag.py took 0.084 seconds
[2025-06-09T06:04:19.827+0000] {processor.py:161} INFO - Started process (PID=2812) to work on /opt/airflow/dags/producer_dag.py
[2025-06-09T06:04:19.827+0000] {processor.py:830} INFO - Processing file /opt/airflow/dags/producer_dag.py for tasks to queue
[2025-06-09T06:04:19.828+0000] {logging_mixin.py:188} INFO - [2025-06-09T06:04:19.828+0000] {dagbag.py:545} INFO - Filling up the DagBag from /opt/airflow/dags/producer_dag.py
[2025-06-09T06:04:19.863+0000] {processor.py:840} INFO - DAG(s) 'master_pipeline_with_es_guard' retrieved from /opt/airflow/dags/producer_dag.py
[2025-06-09T06:04:19.876+0000] {logging_mixin.py:188} INFO - [2025-06-09T06:04:19.876+0000] {dag.py:3096} INFO - Sync 1 DAGs
[2025-06-09T06:04:19.886+0000] {logging_mixin.py:188} INFO - [2025-06-09T06:04:19.886+0000] {dag.py:3954} INFO - Setting next_dagrun for master_pipeline_with_es_guard to 2025-06-09 05:30:00+00:00, run_after=2025-06-09 06:00:00+00:00
[2025-06-09T06:04:19.895+0000] {processor.py:183} INFO - Processing /opt/airflow/dags/producer_dag.py took 0.077 seconds
[2025-06-09T06:04:49.962+0000] {processor.py:161} INFO - Started process (PID=2817) to work on /opt/airflow/dags/producer_dag.py
[2025-06-09T06:04:49.963+0000] {processor.py:830} INFO - Processing file /opt/airflow/dags/producer_dag.py for tasks to queue
[2025-06-09T06:04:49.963+0000] {logging_mixin.py:188} INFO - [2025-06-09T06:04:49.963+0000] {dagbag.py:545} INFO - Filling up the DagBag from /opt/airflow/dags/producer_dag.py
[2025-06-09T06:04:49.994+0000] {processor.py:840} INFO - DAG(s) 'master_pipeline_with_es_guard' retrieved from /opt/airflow/dags/producer_dag.py
[2025-06-09T06:04:50.009+0000] {logging_mixin.py:188} INFO - [2025-06-09T06:04:50.009+0000] {dag.py:3096} INFO - Sync 1 DAGs
[2025-06-09T06:04:50.022+0000] {logging_mixin.py:188} INFO - [2025-06-09T06:04:50.022+0000] {dag.py:3954} INFO - Setting next_dagrun for master_pipeline_with_es_guard to 2025-06-09 05:30:00+00:00, run_after=2025-06-09 06:00:00+00:00
[2025-06-09T06:04:50.175+0000] {processor.py:183} INFO - Processing /opt/airflow/dags/producer_dag.py took 0.218 seconds
[2025-06-09T06:05:20.345+0000] {processor.py:161} INFO - Started process (PID=2822) to work on /opt/airflow/dags/producer_dag.py
[2025-06-09T06:05:20.346+0000] {processor.py:830} INFO - Processing file /opt/airflow/dags/producer_dag.py for tasks to queue
[2025-06-09T06:05:20.347+0000] {logging_mixin.py:188} INFO - [2025-06-09T06:05:20.346+0000] {dagbag.py:545} INFO - Filling up the DagBag from /opt/airflow/dags/producer_dag.py
[2025-06-09T06:05:20.385+0000] {processor.py:840} INFO - DAG(s) 'master_pipeline_with_es_guard' retrieved from /opt/airflow/dags/producer_dag.py
[2025-06-09T06:05:20.417+0000] {logging_mixin.py:188} INFO - [2025-06-09T06:05:20.417+0000] {dag.py:3096} INFO - Sync 1 DAGs
[2025-06-09T06:05:20.537+0000] {logging_mixin.py:188} INFO - [2025-06-09T06:05:20.537+0000] {dag.py:3954} INFO - Setting next_dagrun for master_pipeline_with_es_guard to 2025-06-09 05:30:00+00:00, run_after=2025-06-09 06:00:00+00:00
[2025-06-09T06:05:20.547+0000] {processor.py:183} INFO - Processing /opt/airflow/dags/producer_dag.py took 0.209 seconds
[2025-06-09T06:05:50.693+0000] {processor.py:161} INFO - Started process (PID=2827) to work on /opt/airflow/dags/producer_dag.py
[2025-06-09T06:05:50.694+0000] {processor.py:830} INFO - Processing file /opt/airflow/dags/producer_dag.py for tasks to queue
[2025-06-09T06:05:50.694+0000] {logging_mixin.py:188} INFO - [2025-06-09T06:05:50.694+0000] {dagbag.py:545} INFO - Filling up the DagBag from /opt/airflow/dags/producer_dag.py
[2025-06-09T06:05:50.721+0000] {processor.py:840} INFO - DAG(s) 'master_pipeline_with_es_guard' retrieved from /opt/airflow/dags/producer_dag.py
[2025-06-09T06:05:50.926+0000] {logging_mixin.py:188} INFO - [2025-06-09T06:05:50.925+0000] {dag.py:3096} INFO - Sync 1 DAGs
[2025-06-09T06:05:50.941+0000] {logging_mixin.py:188} INFO - [2025-06-09T06:05:50.941+0000] {dag.py:3954} INFO - Setting next_dagrun for master_pipeline_with_es_guard to 2025-06-09 05:30:00+00:00, run_after=2025-06-09 06:00:00+00:00
[2025-06-09T06:05:50.954+0000] {processor.py:183} INFO - Processing /opt/airflow/dags/producer_dag.py took 0.267 seconds
[2025-06-09T06:06:21.127+0000] {processor.py:161} INFO - Started process (PID=2832) to work on /opt/airflow/dags/producer_dag.py
[2025-06-09T06:06:21.128+0000] {processor.py:830} INFO - Processing file /opt/airflow/dags/producer_dag.py for tasks to queue
[2025-06-09T06:06:21.128+0000] {logging_mixin.py:188} INFO - [2025-06-09T06:06:21.128+0000] {dagbag.py:545} INFO - Filling up the DagBag from /opt/airflow/dags/producer_dag.py
[2025-06-09T06:06:21.261+0000] {processor.py:840} INFO - DAG(s) 'master_pipeline_with_es_guard' retrieved from /opt/airflow/dags/producer_dag.py
[2025-06-09T06:06:21.275+0000] {logging_mixin.py:188} INFO - [2025-06-09T06:06:21.275+0000] {dag.py:3096} INFO - Sync 1 DAGs
[2025-06-09T06:06:21.286+0000] {logging_mixin.py:188} INFO - [2025-06-09T06:06:21.286+0000] {dag.py:3954} INFO - Setting next_dagrun for master_pipeline_with_es_guard to 2025-06-09 05:30:00+00:00, run_after=2025-06-09 06:00:00+00:00
[2025-06-09T06:06:21.302+0000] {processor.py:183} INFO - Processing /opt/airflow/dags/producer_dag.py took 0.186 seconds
[2025-06-09T06:06:51.468+0000] {processor.py:161} INFO - Started process (PID=2837) to work on /opt/airflow/dags/producer_dag.py
[2025-06-09T06:06:51.469+0000] {processor.py:830} INFO - Processing file /opt/airflow/dags/producer_dag.py for tasks to queue
[2025-06-09T06:06:51.469+0000] {logging_mixin.py:188} INFO - [2025-06-09T06:06:51.469+0000] {dagbag.py:545} INFO - Filling up the DagBag from /opt/airflow/dags/producer_dag.py
[2025-06-09T06:06:51.500+0000] {processor.py:840} INFO - DAG(s) 'master_pipeline_with_es_guard' retrieved from /opt/airflow/dags/producer_dag.py
[2025-06-09T06:06:51.520+0000] {logging_mixin.py:188} INFO - [2025-06-09T06:06:51.520+0000] {dag.py:3096} INFO - Sync 1 DAGs
[2025-06-09T06:06:51.534+0000] {logging_mixin.py:188} INFO - [2025-06-09T06:06:51.534+0000] {dag.py:3954} INFO - Setting next_dagrun for master_pipeline_with_es_guard to 2025-06-09 05:30:00+00:00, run_after=2025-06-09 06:00:00+00:00
[2025-06-09T06:06:51.546+0000] {processor.py:183} INFO - Processing /opt/airflow/dags/producer_dag.py took 0.083 seconds
[2025-06-09T06:07:21.653+0000] {processor.py:161} INFO - Started process (PID=2842) to work on /opt/airflow/dags/producer_dag.py
[2025-06-09T06:07:21.653+0000] {processor.py:830} INFO - Processing file /opt/airflow/dags/producer_dag.py for tasks to queue
[2025-06-09T06:07:21.654+0000] {logging_mixin.py:188} INFO - [2025-06-09T06:07:21.654+0000] {dagbag.py:545} INFO - Filling up the DagBag from /opt/airflow/dags/producer_dag.py
[2025-06-09T06:07:21.690+0000] {processor.py:840} INFO - DAG(s) 'master_pipeline_with_es_guard' retrieved from /opt/airflow/dags/producer_dag.py
[2025-06-09T06:07:21.704+0000] {logging_mixin.py:188} INFO - [2025-06-09T06:07:21.704+0000] {dag.py:3096} INFO - Sync 1 DAGs
[2025-06-09T06:07:21.715+0000] {logging_mixin.py:188} INFO - [2025-06-09T06:07:21.715+0000] {dag.py:3954} INFO - Setting next_dagrun for master_pipeline_with_es_guard to 2025-06-09 05:30:00+00:00, run_after=2025-06-09 06:00:00+00:00
[2025-06-09T06:07:21.854+0000] {processor.py:183} INFO - Processing /opt/airflow/dags/producer_dag.py took 0.210 seconds
[2025-06-09T06:07:52.003+0000] {processor.py:161} INFO - Started process (PID=2847) to work on /opt/airflow/dags/producer_dag.py
[2025-06-09T06:07:52.004+0000] {processor.py:830} INFO - Processing file /opt/airflow/dags/producer_dag.py for tasks to queue
[2025-06-09T06:07:52.004+0000] {logging_mixin.py:188} INFO - [2025-06-09T06:07:52.004+0000] {dagbag.py:545} INFO - Filling up the DagBag from /opt/airflow/dags/producer_dag.py
[2025-06-09T06:07:52.033+0000] {processor.py:840} INFO - DAG(s) 'master_pipeline_with_es_guard' retrieved from /opt/airflow/dags/producer_dag.py
[2025-06-09T06:07:52.050+0000] {logging_mixin.py:188} INFO - [2025-06-09T06:07:52.050+0000] {dag.py:3096} INFO - Sync 1 DAGs
[2025-06-09T06:07:52.157+0000] {logging_mixin.py:188} INFO - [2025-06-09T06:07:52.157+0000] {dag.py:3954} INFO - Setting next_dagrun for master_pipeline_with_es_guard to 2025-06-09 05:30:00+00:00, run_after=2025-06-09 06:00:00+00:00
[2025-06-09T06:07:52.166+0000] {processor.py:183} INFO - Processing /opt/airflow/dags/producer_dag.py took 0.168 seconds
[2025-06-09T06:08:22.313+0000] {processor.py:161} INFO - Started process (PID=2852) to work on /opt/airflow/dags/producer_dag.py
[2025-06-09T06:08:22.314+0000] {processor.py:830} INFO - Processing file /opt/airflow/dags/producer_dag.py for tasks to queue
[2025-06-09T06:08:22.314+0000] {logging_mixin.py:188} INFO - [2025-06-09T06:08:22.314+0000] {dagbag.py:545} INFO - Filling up the DagBag from /opt/airflow/dags/producer_dag.py
[2025-06-09T06:08:22.341+0000] {processor.py:840} INFO - DAG(s) 'master_pipeline_with_es_guard' retrieved from /opt/airflow/dags/producer_dag.py
[2025-06-09T06:08:22.450+0000] {logging_mixin.py:188} INFO - [2025-06-09T06:08:22.450+0000] {dag.py:3096} INFO - Sync 1 DAGs
[2025-06-09T06:08:22.461+0000] {logging_mixin.py:188} INFO - [2025-06-09T06:08:22.461+0000] {dag.py:3954} INFO - Setting next_dagrun for master_pipeline_with_es_guard to 2025-06-09 05:30:00+00:00, run_after=2025-06-09 06:00:00+00:00
[2025-06-09T06:08:22.469+0000] {processor.py:183} INFO - Processing /opt/airflow/dags/producer_dag.py took 0.161 seconds
[2025-06-09T06:08:52.645+0000] {processor.py:161} INFO - Started process (PID=2867) to work on /opt/airflow/dags/producer_dag.py
[2025-06-09T06:08:52.646+0000] {processor.py:830} INFO - Processing file /opt/airflow/dags/producer_dag.py for tasks to queue
[2025-06-09T06:08:52.647+0000] {logging_mixin.py:188} INFO - [2025-06-09T06:08:52.647+0000] {dagbag.py:545} INFO - Filling up the DagBag from /opt/airflow/dags/producer_dag.py
[2025-06-09T06:08:52.859+0000] {processor.py:840} INFO - DAG(s) 'master_pipeline_with_es_guard' retrieved from /opt/airflow/dags/producer_dag.py
[2025-06-09T06:08:52.874+0000] {logging_mixin.py:188} INFO - [2025-06-09T06:08:52.874+0000] {dag.py:3096} INFO - Sync 1 DAGs
[2025-06-09T06:08:52.885+0000] {logging_mixin.py:188} INFO - [2025-06-09T06:08:52.885+0000] {dag.py:3954} INFO - Setting next_dagrun for master_pipeline_with_es_guard to 2025-06-09 05:30:00+00:00, run_after=2025-06-09 06:00:00+00:00
[2025-06-09T06:08:52.894+0000] {processor.py:183} INFO - Processing /opt/airflow/dags/producer_dag.py took 0.258 seconds
[2025-06-09T06:09:23.054+0000] {processor.py:161} INFO - Started process (PID=2872) to work on /opt/airflow/dags/producer_dag.py
[2025-06-09T06:09:23.054+0000] {processor.py:830} INFO - Processing file /opt/airflow/dags/producer_dag.py for tasks to queue
[2025-06-09T06:09:23.055+0000] {logging_mixin.py:188} INFO - [2025-06-09T06:09:23.055+0000] {dagbag.py:545} INFO - Filling up the DagBag from /opt/airflow/dags/producer_dag.py
[2025-06-09T06:09:23.175+0000] {processor.py:840} INFO - DAG(s) 'master_pipeline_with_es_guard' retrieved from /opt/airflow/dags/producer_dag.py
[2025-06-09T06:09:23.187+0000] {logging_mixin.py:188} INFO - [2025-06-09T06:09:23.187+0000] {dag.py:3096} INFO - Sync 1 DAGs
[2025-06-09T06:09:23.197+0000] {logging_mixin.py:188} INFO - [2025-06-09T06:09:23.197+0000] {dag.py:3954} INFO - Setting next_dagrun for master_pipeline_with_es_guard to 2025-06-09 05:30:00+00:00, run_after=2025-06-09 06:00:00+00:00
[2025-06-09T06:09:23.211+0000] {processor.py:183} INFO - Processing /opt/airflow/dags/producer_dag.py took 0.162 seconds
[2025-06-09T06:09:53.378+0000] {processor.py:161} INFO - Started process (PID=2877) to work on /opt/airflow/dags/producer_dag.py
[2025-06-09T06:09:53.379+0000] {processor.py:830} INFO - Processing file /opt/airflow/dags/producer_dag.py for tasks to queue
[2025-06-09T06:09:53.379+0000] {logging_mixin.py:188} INFO - [2025-06-09T06:09:53.379+0000] {dagbag.py:545} INFO - Filling up the DagBag from /opt/airflow/dags/producer_dag.py
[2025-06-09T06:09:53.411+0000] {processor.py:840} INFO - DAG(s) 'master_pipeline_with_es_guard' retrieved from /opt/airflow/dags/producer_dag.py
[2025-06-09T06:09:53.431+0000] {logging_mixin.py:188} INFO - [2025-06-09T06:09:53.431+0000] {dag.py:3096} INFO - Sync 1 DAGs
[2025-06-09T06:09:53.444+0000] {logging_mixin.py:188} INFO - [2025-06-09T06:09:53.444+0000] {dag.py:3954} INFO - Setting next_dagrun for master_pipeline_with_es_guard to 2025-06-09 05:30:00+00:00, run_after=2025-06-09 06:00:00+00:00
[2025-06-09T06:09:53.548+0000] {processor.py:183} INFO - Processing /opt/airflow/dags/producer_dag.py took 0.177 seconds
[2025-06-09T06:10:23.692+0000] {processor.py:161} INFO - Started process (PID=2882) to work on /opt/airflow/dags/producer_dag.py
[2025-06-09T06:10:23.693+0000] {processor.py:830} INFO - Processing file /opt/airflow/dags/producer_dag.py for tasks to queue
[2025-06-09T06:10:23.693+0000] {logging_mixin.py:188} INFO - [2025-06-09T06:10:23.693+0000] {dagbag.py:545} INFO - Filling up the DagBag from /opt/airflow/dags/producer_dag.py
[2025-06-09T06:10:23.727+0000] {processor.py:840} INFO - DAG(s) 'master_pipeline_with_es_guard' retrieved from /opt/airflow/dags/producer_dag.py
[2025-06-09T06:10:23.748+0000] {logging_mixin.py:188} INFO - [2025-06-09T06:10:23.748+0000] {dag.py:3096} INFO - Sync 1 DAGs
[2025-06-09T06:10:23.888+0000] {logging_mixin.py:188} INFO - [2025-06-09T06:10:23.888+0000] {dag.py:3954} INFO - Setting next_dagrun for master_pipeline_with_es_guard to 2025-06-09 05:30:00+00:00, run_after=2025-06-09 06:00:00+00:00
[2025-06-09T06:10:23.896+0000] {processor.py:183} INFO - Processing /opt/airflow/dags/producer_dag.py took 0.210 seconds
[2025-06-09T06:10:54.040+0000] {processor.py:161} INFO - Started process (PID=2887) to work on /opt/airflow/dags/producer_dag.py
[2025-06-09T06:10:54.040+0000] {processor.py:830} INFO - Processing file /opt/airflow/dags/producer_dag.py for tasks to queue
[2025-06-09T06:10:54.041+0000] {logging_mixin.py:188} INFO - [2025-06-09T06:10:54.040+0000] {dagbag.py:545} INFO - Filling up the DagBag from /opt/airflow/dags/producer_dag.py
[2025-06-09T06:10:54.076+0000] {processor.py:840} INFO - DAG(s) 'master_pipeline_with_es_guard' retrieved from /opt/airflow/dags/producer_dag.py
[2025-06-09T06:10:54.093+0000] {logging_mixin.py:188} INFO - [2025-06-09T06:10:54.093+0000] {dag.py:3096} INFO - Sync 1 DAGs
[2025-06-09T06:10:54.196+0000] {logging_mixin.py:188} INFO - [2025-06-09T06:10:54.196+0000] {dag.py:3954} INFO - Setting next_dagrun for master_pipeline_with_es_guard to 2025-06-09 05:30:00+00:00, run_after=2025-06-09 06:00:00+00:00
[2025-06-09T06:10:54.204+0000] {processor.py:183} INFO - Processing /opt/airflow/dags/producer_dag.py took 0.172 seconds
[2025-06-09T06:11:24.359+0000] {processor.py:161} INFO - Started process (PID=2892) to work on /opt/airflow/dags/producer_dag.py
[2025-06-09T06:11:24.360+0000] {processor.py:830} INFO - Processing file /opt/airflow/dags/producer_dag.py for tasks to queue
[2025-06-09T06:11:24.360+0000] {logging_mixin.py:188} INFO - [2025-06-09T06:11:24.360+0000] {dagbag.py:545} INFO - Filling up the DagBag from /opt/airflow/dags/producer_dag.py
[2025-06-09T06:11:24.385+0000] {processor.py:840} INFO - DAG(s) 'master_pipeline_with_es_guard' retrieved from /opt/airflow/dags/producer_dag.py
[2025-06-09T06:11:24.484+0000] {logging_mixin.py:188} INFO - [2025-06-09T06:11:24.484+0000] {dag.py:3096} INFO - Sync 1 DAGs
[2025-06-09T06:11:24.495+0000] {logging_mixin.py:188} INFO - [2025-06-09T06:11:24.495+0000] {dag.py:3954} INFO - Setting next_dagrun for master_pipeline_with_es_guard to 2025-06-09 05:30:00+00:00, run_after=2025-06-09 06:00:00+00:00
[2025-06-09T06:11:24.504+0000] {processor.py:183} INFO - Processing /opt/airflow/dags/producer_dag.py took 0.150 seconds
[2025-06-09T06:11:54.539+0000] {processor.py:161} INFO - Started process (PID=2897) to work on /opt/airflow/dags/producer_dag.py
[2025-06-09T06:11:54.540+0000] {processor.py:830} INFO - Processing file /opt/airflow/dags/producer_dag.py for tasks to queue
[2025-06-09T06:11:54.540+0000] {logging_mixin.py:188} INFO - [2025-06-09T06:11:54.540+0000] {dagbag.py:545} INFO - Filling up the DagBag from /opt/airflow/dags/producer_dag.py
[2025-06-09T06:11:54.655+0000] {processor.py:840} INFO - DAG(s) 'master_pipeline_with_es_guard' retrieved from /opt/airflow/dags/producer_dag.py
[2025-06-09T06:11:54.667+0000] {logging_mixin.py:188} INFO - [2025-06-09T06:11:54.667+0000] {dag.py:3096} INFO - Sync 1 DAGs
[2025-06-09T06:11:54.677+0000] {logging_mixin.py:188} INFO - [2025-06-09T06:11:54.677+0000] {dag.py:3954} INFO - Setting next_dagrun for master_pipeline_with_es_guard to 2025-06-09 05:30:00+00:00, run_after=2025-06-09 06:00:00+00:00
[2025-06-09T06:11:54.685+0000] {processor.py:183} INFO - Processing /opt/airflow/dags/producer_dag.py took 0.151 seconds
[2025-06-09T06:12:24.820+0000] {processor.py:161} INFO - Started process (PID=2902) to work on /opt/airflow/dags/producer_dag.py
[2025-06-09T06:12:24.821+0000] {processor.py:830} INFO - Processing file /opt/airflow/dags/producer_dag.py for tasks to queue
[2025-06-09T06:12:24.821+0000] {logging_mixin.py:188} INFO - [2025-06-09T06:12:24.821+0000] {dagbag.py:545} INFO - Filling up the DagBag from /opt/airflow/dags/producer_dag.py
[2025-06-09T06:12:24.855+0000] {processor.py:840} INFO - DAG(s) 'master_pipeline_with_es_guard' retrieved from /opt/airflow/dags/producer_dag.py
[2025-06-09T06:12:24.873+0000] {logging_mixin.py:188} INFO - [2025-06-09T06:12:24.873+0000] {dag.py:3096} INFO - Sync 1 DAGs
[2025-06-09T06:12:24.884+0000] {logging_mixin.py:188} INFO - [2025-06-09T06:12:24.884+0000] {dag.py:3954} INFO - Setting next_dagrun for master_pipeline_with_es_guard to 2025-06-09 05:30:00+00:00, run_after=2025-06-09 06:00:00+00:00
[2025-06-09T06:12:24.982+0000] {processor.py:183} INFO - Processing /opt/airflow/dags/producer_dag.py took 0.168 seconds
[2025-06-09T06:12:55.128+0000] {processor.py:161} INFO - Started process (PID=2907) to work on /opt/airflow/dags/producer_dag.py
[2025-06-09T06:12:55.129+0000] {processor.py:830} INFO - Processing file /opt/airflow/dags/producer_dag.py for tasks to queue
[2025-06-09T06:12:55.130+0000] {logging_mixin.py:188} INFO - [2025-06-09T06:12:55.130+0000] {dagbag.py:545} INFO - Filling up the DagBag from /opt/airflow/dags/producer_dag.py
[2025-06-09T06:12:55.173+0000] {processor.py:840} INFO - DAG(s) 'master_pipeline_with_es_guard' retrieved from /opt/airflow/dags/producer_dag.py
[2025-06-09T06:12:55.197+0000] {logging_mixin.py:188} INFO - [2025-06-09T06:12:55.197+0000] {dag.py:3096} INFO - Sync 1 DAGs
[2025-06-09T06:12:55.356+0000] {logging_mixin.py:188} INFO - [2025-06-09T06:12:55.356+0000] {dag.py:3954} INFO - Setting next_dagrun for master_pipeline_with_es_guard to 2025-06-09 05:30:00+00:00, run_after=2025-06-09 06:00:00+00:00
[2025-06-09T06:12:55.365+0000] {processor.py:183} INFO - Processing /opt/airflow/dags/producer_dag.py took 0.248 seconds
[2025-06-09T06:13:25.519+0000] {processor.py:161} INFO - Started process (PID=2912) to work on /opt/airflow/dags/producer_dag.py
[2025-06-09T06:13:25.520+0000] {processor.py:830} INFO - Processing file /opt/airflow/dags/producer_dag.py for tasks to queue
[2025-06-09T06:13:25.520+0000] {logging_mixin.py:188} INFO - [2025-06-09T06:13:25.520+0000] {dagbag.py:545} INFO - Filling up the DagBag from /opt/airflow/dags/producer_dag.py
[2025-06-09T06:13:25.545+0000] {processor.py:840} INFO - DAG(s) 'master_pipeline_with_es_guard' retrieved from /opt/airflow/dags/producer_dag.py
[2025-06-09T06:13:25.647+0000] {logging_mixin.py:188} INFO - [2025-06-09T06:13:25.647+0000] {dag.py:3096} INFO - Sync 1 DAGs
[2025-06-09T06:13:25.657+0000] {logging_mixin.py:188} INFO - [2025-06-09T06:13:25.657+0000] {dag.py:3954} INFO - Setting next_dagrun for master_pipeline_with_es_guard to 2025-06-09 05:30:00+00:00, run_after=2025-06-09 06:00:00+00:00
[2025-06-09T06:13:25.665+0000] {processor.py:183} INFO - Processing /opt/airflow/dags/producer_dag.py took 0.151 seconds
[2025-06-09T06:13:55.813+0000] {processor.py:161} INFO - Started process (PID=2917) to work on /opt/airflow/dags/producer_dag.py
[2025-06-09T06:13:55.814+0000] {processor.py:830} INFO - Processing file /opt/airflow/dags/producer_dag.py for tasks to queue
[2025-06-09T06:13:55.814+0000] {logging_mixin.py:188} INFO - [2025-06-09T06:13:55.814+0000] {dagbag.py:545} INFO - Filling up the DagBag from /opt/airflow/dags/producer_dag.py
[2025-06-09T06:13:55.848+0000] {processor.py:840} INFO - DAG(s) 'master_pipeline_with_es_guard' retrieved from /opt/airflow/dags/producer_dag.py
[2025-06-09T06:13:55.966+0000] {logging_mixin.py:188} INFO - [2025-06-09T06:13:55.966+0000] {dag.py:3096} INFO - Sync 1 DAGs
[2025-06-09T06:13:55.976+0000] {logging_mixin.py:188} INFO - [2025-06-09T06:13:55.976+0000] {dag.py:3954} INFO - Setting next_dagrun for master_pipeline_with_es_guard to 2025-06-09 05:30:00+00:00, run_after=2025-06-09 06:00:00+00:00
[2025-06-09T06:13:55.984+0000] {processor.py:183} INFO - Processing /opt/airflow/dags/producer_dag.py took 0.178 seconds
[2025-06-09T06:14:26.153+0000] {processor.py:161} INFO - Started process (PID=2922) to work on /opt/airflow/dags/producer_dag.py
[2025-06-09T06:14:26.154+0000] {processor.py:830} INFO - Processing file /opt/airflow/dags/producer_dag.py for tasks to queue
[2025-06-09T06:14:26.154+0000] {logging_mixin.py:188} INFO - [2025-06-09T06:14:26.154+0000] {dagbag.py:545} INFO - Filling up the DagBag from /opt/airflow/dags/producer_dag.py
[2025-06-09T06:14:26.331+0000] {processor.py:840} INFO - DAG(s) 'master_pipeline_with_es_guard' retrieved from /opt/airflow/dags/producer_dag.py
[2025-06-09T06:14:26.345+0000] {logging_mixin.py:188} INFO - [2025-06-09T06:14:26.344+0000] {dag.py:3096} INFO - Sync 1 DAGs
[2025-06-09T06:14:26.355+0000] {logging_mixin.py:188} INFO - [2025-06-09T06:14:26.355+0000] {dag.py:3954} INFO - Setting next_dagrun for master_pipeline_with_es_guard to 2025-06-09 05:30:00+00:00, run_after=2025-06-09 06:00:00+00:00
[2025-06-09T06:14:26.363+0000] {processor.py:183} INFO - Processing /opt/airflow/dags/producer_dag.py took 0.220 seconds
[2025-06-09T06:14:56.513+0000] {processor.py:161} INFO - Started process (PID=2927) to work on /opt/airflow/dags/producer_dag.py
[2025-06-09T06:14:56.514+0000] {processor.py:830} INFO - Processing file /opt/airflow/dags/producer_dag.py for tasks to queue
[2025-06-09T06:14:56.514+0000] {logging_mixin.py:188} INFO - [2025-06-09T06:14:56.514+0000] {dagbag.py:545} INFO - Filling up the DagBag from /opt/airflow/dags/producer_dag.py
[2025-06-09T06:14:56.689+0000] {processor.py:840} INFO - DAG(s) 'master_pipeline_with_es_guard' retrieved from /opt/airflow/dags/producer_dag.py
[2025-06-09T06:14:56.717+0000] {logging_mixin.py:188} INFO - [2025-06-09T06:14:56.716+0000] {dag.py:3096} INFO - Sync 1 DAGs
[2025-06-09T06:14:56.733+0000] {logging_mixin.py:188} INFO - [2025-06-09T06:14:56.733+0000] {dag.py:3954} INFO - Setting next_dagrun for master_pipeline_with_es_guard to 2025-06-09 05:30:00+00:00, run_after=2025-06-09 06:00:00+00:00
[2025-06-09T06:14:56.754+0000] {processor.py:183} INFO - Processing /opt/airflow/dags/producer_dag.py took 0.247 seconds
[2025-06-09T06:15:26.935+0000] {processor.py:161} INFO - Started process (PID=2932) to work on /opt/airflow/dags/producer_dag.py
[2025-06-09T06:15:26.935+0000] {processor.py:830} INFO - Processing file /opt/airflow/dags/producer_dag.py for tasks to queue
[2025-06-09T06:15:26.936+0000] {logging_mixin.py:188} INFO - [2025-06-09T06:15:26.935+0000] {dagbag.py:545} INFO - Filling up the DagBag from /opt/airflow/dags/producer_dag.py
[2025-06-09T06:15:27.043+0000] {processor.py:840} INFO - DAG(s) 'master_pipeline_with_es_guard' retrieved from /opt/airflow/dags/producer_dag.py
[2025-06-09T06:15:27.055+0000] {logging_mixin.py:188} INFO - [2025-06-09T06:15:27.054+0000] {dag.py:3096} INFO - Sync 1 DAGs
[2025-06-09T06:15:27.064+0000] {logging_mixin.py:188} INFO - [2025-06-09T06:15:27.064+0000] {dag.py:3954} INFO - Setting next_dagrun for master_pipeline_with_es_guard to 2025-06-09 05:30:00+00:00, run_after=2025-06-09 06:00:00+00:00
[2025-06-09T06:15:27.073+0000] {processor.py:183} INFO - Processing /opt/airflow/dags/producer_dag.py took 0.143 seconds
[2025-06-09T06:15:57.116+0000] {processor.py:161} INFO - Started process (PID=2937) to work on /opt/airflow/dags/producer_dag.py
[2025-06-09T06:15:57.117+0000] {processor.py:830} INFO - Processing file /opt/airflow/dags/producer_dag.py for tasks to queue
[2025-06-09T06:15:57.117+0000] {logging_mixin.py:188} INFO - [2025-06-09T06:15:57.117+0000] {dagbag.py:545} INFO - Filling up the DagBag from /opt/airflow/dags/producer_dag.py
[2025-06-09T06:15:57.154+0000] {processor.py:840} INFO - DAG(s) 'master_pipeline_with_es_guard' retrieved from /opt/airflow/dags/producer_dag.py
[2025-06-09T06:15:57.172+0000] {logging_mixin.py:188} INFO - [2025-06-09T06:15:57.172+0000] {dag.py:3096} INFO - Sync 1 DAGs
[2025-06-09T06:15:57.313+0000] {logging_mixin.py:188} INFO - [2025-06-09T06:15:57.312+0000] {dag.py:3954} INFO - Setting next_dagrun for master_pipeline_with_es_guard to 2025-06-09 05:30:00+00:00, run_after=2025-06-09 06:00:00+00:00
[2025-06-09T06:15:57.328+0000] {processor.py:183} INFO - Processing /opt/airflow/dags/producer_dag.py took 0.219 seconds
[2025-06-09T06:16:27.506+0000] {processor.py:161} INFO - Started process (PID=2942) to work on /opt/airflow/dags/producer_dag.py
[2025-06-09T06:16:27.507+0000] {processor.py:830} INFO - Processing file /opt/airflow/dags/producer_dag.py for tasks to queue
[2025-06-09T06:16:27.508+0000] {logging_mixin.py:188} INFO - [2025-06-09T06:16:27.508+0000] {dagbag.py:545} INFO - Filling up the DagBag from /opt/airflow/dags/producer_dag.py
[2025-06-09T06:16:27.551+0000] {processor.py:840} INFO - DAG(s) 'master_pipeline_with_es_guard' retrieved from /opt/airflow/dags/producer_dag.py
[2025-06-09T06:16:27.716+0000] {logging_mixin.py:188} INFO - [2025-06-09T06:16:27.716+0000] {dag.py:3096} INFO - Sync 1 DAGs
[2025-06-09T06:16:27.728+0000] {logging_mixin.py:188} INFO - [2025-06-09T06:16:27.727+0000] {dag.py:3954} INFO - Setting next_dagrun for master_pipeline_with_es_guard to 2025-06-09 05:30:00+00:00, run_after=2025-06-09 06:00:00+00:00
[2025-06-09T06:16:27.737+0000] {processor.py:183} INFO - Processing /opt/airflow/dags/producer_dag.py took 0.242 seconds
[2025-06-09T06:16:57.926+0000] {processor.py:161} INFO - Started process (PID=2947) to work on /opt/airflow/dags/producer_dag.py
[2025-06-09T06:16:57.927+0000] {processor.py:830} INFO - Processing file /opt/airflow/dags/producer_dag.py for tasks to queue
[2025-06-09T06:16:57.928+0000] {logging_mixin.py:188} INFO - [2025-06-09T06:16:57.927+0000] {dagbag.py:545} INFO - Filling up the DagBag from /opt/airflow/dags/producer_dag.py
[2025-06-09T06:16:58.076+0000] {processor.py:840} INFO - DAG(s) 'master_pipeline_with_es_guard' retrieved from /opt/airflow/dags/producer_dag.py
[2025-06-09T06:16:58.091+0000] {logging_mixin.py:188} INFO - [2025-06-09T06:16:58.091+0000] {dag.py:3096} INFO - Sync 1 DAGs
[2025-06-09T06:16:58.103+0000] {logging_mixin.py:188} INFO - [2025-06-09T06:16:58.103+0000] {dag.py:3954} INFO - Setting next_dagrun for master_pipeline_with_es_guard to 2025-06-09 05:30:00+00:00, run_after=2025-06-09 06:00:00+00:00
[2025-06-09T06:16:58.113+0000] {processor.py:183} INFO - Processing /opt/airflow/dags/producer_dag.py took 0.193 seconds
